{"/Users/akash/ludo-nexus/packages/game-engine/src/constants.ts": {"path":"/Users/akash/ludo-nexus/packages/game-engine/src/constants.ts","all":false,"statementMap":{"10":{"start":{"line":11,"column":0},"end":{"line":11,"column":58}},"11":{"start":{"line":12,"column":0},"end":{"line":12,"column":53}},"12":{"start":{"line":13,"column":0},"end":{"line":13,"column":36}},"13":{"start":{"line":14,"column":0},"end":{"line":14,"column":32}},"14":{"start":{"line":15,"column":0},"end":{"line":15,"column":35}},"15":{"start":{"line":16,"column":0},"end":{"line":16,"column":31}},"18":{"start":{"line":19,"column":0},"end":{"line":19,"column":79}},"21":{"start":{"line":22,"column":0},"end":{"line":22,"column":61}},"22":{"start":{"line":23,"column":0},"end":{"line":23,"column":9}},"23":{"start":{"line":24,"column":0},"end":{"line":24,"column":12}},"24":{"start":{"line":25,"column":0},"end":{"line":25,"column":13}},"25":{"start":{"line":26,"column":0},"end":{"line":26,"column":11}},"26":{"start":{"line":27,"column":0},"end":{"line":27,"column":2}},"29":{"start":{"line":30,"column":0},"end":{"line":30,"column":61}},"30":{"start":{"line":31,"column":0},"end":{"line":31,"column":57}},"31":{"start":{"line":32,"column":0},"end":{"line":32,"column":57}},"32":{"start":{"line":33,"column":0},"end":{"line":33,"column":57}},"33":{"start":{"line":34,"column":0},"end":{"line":34,"column":57}},"34":{"start":{"line":35,"column":0},"end":{"line":35,"column":2}},"37":{"start":{"line":38,"column":0},"end":{"line":38,"column":65}},"41":{"start":{"line":42,"column":0},"end":{"line":42,"column":52}},"47":{"start":{"line":48,"column":0},"end":{"line":48,"column":46}},"48":{"start":{"line":49,"column":0},"end":{"line":49,"column":21}},"49":{"start":{"line":50,"column":0},"end":{"line":50,"column":15}},"50":{"start":{"line":51,"column":0},"end":{"line":51,"column":24}},"51":{"start":{"line":52,"column":0},"end":{"line":52,"column":23}},"52":{"start":{"line":53,"column":0},"end":{"line":53,"column":27}},"53":{"start":{"line":54,"column":0},"end":{"line":54,"column":24}},"54":{"start":{"line":55,"column":0},"end":{"line":55,"column":22}},"55":{"start":{"line":56,"column":0},"end":{"line":56,"column":31}},"56":{"start":{"line":57,"column":0},"end":{"line":57,"column":21}},"57":{"start":{"line":58,"column":0},"end":{"line":58,"column":24}},"58":{"start":{"line":59,"column":0},"end":{"line":59,"column":32}},"59":{"start":{"line":60,"column":0},"end":{"line":60,"column":18}},"60":{"start":{"line":61,"column":0},"end":{"line":61,"column":26}},"61":{"start":{"line":62,"column":0},"end":{"line":62,"column":2}},"70":{"start":{"line":71,"column":0},"end":{"line":71,"column":91}},"71":{"start":{"line":72,"column":0},"end":{"line":72,"column":42}},"72":{"start":{"line":73,"column":0},"end":{"line":73,"column":1}},"77":{"start":{"line":78,"column":0},"end":{"line":78,"column":95}},"78":{"start":{"line":79,"column":0},"end":{"line":79,"column":56}},"79":{"start":{"line":80,"column":0},"end":{"line":80,"column":1}},"84":{"start":{"line":85,"column":0},"end":{"line":85,"column":97}},"85":{"start":{"line":86,"column":0},"end":{"line":86,"column":44}},"86":{"start":{"line":87,"column":0},"end":{"line":87,"column":1}},"91":{"start":{"line":92,"column":0},"end":{"line":92,"column":57}},"92":{"start":{"line":93,"column":0},"end":{"line":93,"column":42}},"93":{"start":{"line":94,"column":0},"end":{"line":94,"column":1}},"98":{"start":{"line":99,"column":0},"end":{"line":99,"column":55}},"99":{"start":{"line":100,"column":0},"end":{"line":100,"column":40}},"100":{"start":{"line":101,"column":0},"end":{"line":101,"column":1}},"105":{"start":{"line":106,"column":0},"end":{"line":106,"column":53}},"106":{"start":{"line":107,"column":0},"end":{"line":107,"column":36}},"107":{"start":{"line":108,"column":0},"end":{"line":108,"column":1}},"112":{"start":{"line":113,"column":0},"end":{"line":113,"column":62}},"113":{"start":{"line":114,"column":0},"end":{"line":114,"column":53}},"114":{"start":{"line":115,"column":0},"end":{"line":115,"column":1}},"119":{"start":{"line":120,"column":0},"end":{"line":120,"column":62}},"120":{"start":{"line":121,"column":0},"end":{"line":121,"column":38}},"121":{"start":{"line":122,"column":0},"end":{"line":122,"column":1}},"127":{"start":{"line":128,"column":0},"end":{"line":128,"column":68}},"128":{"start":{"line":129,"column":0},"end":{"line":129,"column":51}},"129":{"start":{"line":130,"column":0},"end":{"line":130,"column":13}},"130":{"start":{"line":131,"column":0},"end":{"line":131,"column":3}},"131":{"start":{"line":132,"column":0},"end":{"line":132,"column":19}},"132":{"start":{"line":133,"column":0},"end":{"line":133,"column":21}},"133":{"start":{"line":134,"column":0},"end":{"line":134,"column":3}},"134":{"start":{"line":135,"column":0},"end":{"line":135,"column":34}},"135":{"start":{"line":136,"column":0},"end":{"line":136,"column":1}},"141":{"start":{"line":142,"column":0},"end":{"line":142,"column":91}},"142":{"start":{"line":143,"column":0},"end":{"line":143,"column":42}},"143":{"start":{"line":144,"column":0},"end":{"line":144,"column":62}},"144":{"start":{"line":145,"column":0},"end":{"line":145,"column":18}},"145":{"start":{"line":146,"column":0},"end":{"line":146,"column":1}},"150":{"start":{"line":151,"column":0},"end":{"line":151,"column":91}},"151":{"start":{"line":152,"column":0},"end":{"line":152,"column":42}},"152":{"start":{"line":153,"column":0},"end":{"line":153,"column":45}},"153":{"start":{"line":154,"column":0},"end":{"line":154,"column":21}},"154":{"start":{"line":155,"column":0},"end":{"line":155,"column":27}},"155":{"start":{"line":156,"column":0},"end":{"line":156,"column":3}},"156":{"start":{"line":157,"column":0},"end":{"line":157,"column":18}},"157":{"start":{"line":158,"column":0},"end":{"line":158,"column":1}},"162":{"start":{"line":163,"column":0},"end":{"line":163,"column":82}},"163":{"start":{"line":164,"column":0},"end":{"line":164,"column":33}},"164":{"start":{"line":165,"column":0},"end":{"line":165,"column":1}},"169":{"start":{"line":170,"column":0},"end":{"line":170,"column":108}},"170":{"start":{"line":171,"column":0},"end":{"line":171,"column":47}},"171":{"start":{"line":172,"column":0},"end":{"line":172,"column":76}},"174":{"start":{"line":175,"column":0},"end":{"line":175,"column":30}},"175":{"start":{"line":176,"column":0},"end":{"line":176,"column":44}},"176":{"start":{"line":177,"column":0},"end":{"line":177,"column":3}},"179":{"start":{"line":180,"column":0},"end":{"line":180,"column":28}},"180":{"start":{"line":181,"column":0},"end":{"line":181,"column":17}},"181":{"start":{"line":182,"column":0},"end":{"line":182,"column":3}},"184":{"start":{"line":185,"column":0},"end":{"line":185,"column":75}},"185":{"start":{"line":186,"column":0},"end":{"line":186,"column":1}},"190":{"start":{"line":191,"column":0},"end":{"line":191,"column":110}},"191":{"start":{"line":192,"column":0},"end":{"line":192,"column":47}},"192":{"start":{"line":193,"column":0},"end":{"line":193,"column":76}},"193":{"start":{"line":194,"column":0},"end":{"line":194,"column":56}},"194":{"start":{"line":195,"column":0},"end":{"line":195,"column":53}},"195":{"start":{"line":196,"column":0},"end":{"line":196,"column":1}},"200":{"start":{"line":201,"column":0},"end":{"line":201,"column":155}},"201":{"start":{"line":202,"column":0},"end":{"line":202,"column":37}},"203":{"start":{"line":204,"column":0},"end":{"line":204,"column":57}},"204":{"start":{"line":205,"column":0},"end":{"line":205,"column":3}},"206":{"start":{"line":207,"column":0},"end":{"line":207,"column":41}},"208":{"start":{"line":209,"column":0},"end":{"line":209,"column":17}},"209":{"start":{"line":210,"column":0},"end":{"line":210,"column":3}},"212":{"start":{"line":213,"column":0},"end":{"line":213,"column":56}},"213":{"start":{"line":214,"column":0},"end":{"line":214,"column":65}},"214":{"start":{"line":215,"column":0},"end":{"line":215,"column":44}},"215":{"start":{"line":216,"column":0},"end":{"line":216,"column":1}},"220":{"start":{"line":221,"column":0},"end":{"line":221,"column":60}},"224":{"start":{"line":225,"column":0},"end":{"line":225,"column":4}},"225":{"start":{"line":226,"column":0},"end":{"line":226,"column":72}},"226":{"start":{"line":227,"column":0},"end":{"line":227,"column":51}},"227":{"start":{"line":228,"column":0},"end":{"line":228,"column":94}},"229":{"start":{"line":230,"column":0},"end":{"line":230,"column":24}},"230":{"start":{"line":231,"column":0},"end":{"line":231,"column":22}},"231":{"start":{"line":232,"column":0},"end":{"line":232,"column":3}},"233":{"start":{"line":234,"column":0},"end":{"line":234,"column":52}},"234":{"start":{"line":235,"column":0},"end":{"line":235,"column":40}},"235":{"start":{"line":236,"column":0},"end":{"line":236,"column":34}},"236":{"start":{"line":237,"column":0},"end":{"line":237,"column":24}},"238":{"start":{"line":239,"column":0},"end":{"line":239,"column":33}},"240":{"start":{"line":241,"column":0},"end":{"line":241,"column":64}},"241":{"start":{"line":242,"column":0},"end":{"line":242,"column":58}},"242":{"start":{"line":243,"column":0},"end":{"line":243,"column":23}},"243":{"start":{"line":244,"column":0},"end":{"line":244,"column":7}},"244":{"start":{"line":245,"column":0},"end":{"line":245,"column":42}},"246":{"start":{"line":247,"column":0},"end":{"line":247,"column":22}},"247":{"start":{"line":248,"column":0},"end":{"line":248,"column":44}},"249":{"start":{"line":250,"column":0},"end":{"line":250,"column":61}},"250":{"start":{"line":251,"column":0},"end":{"line":251,"column":40}},"251":{"start":{"line":252,"column":0},"end":{"line":252,"column":39}},"252":{"start":{"line":253,"column":0},"end":{"line":253,"column":23}},"253":{"start":{"line":254,"column":0},"end":{"line":254,"column":45}},"254":{"start":{"line":255,"column":0},"end":{"line":255,"column":46}},"255":{"start":{"line":256,"column":0},"end":{"line":256,"column":23}},"256":{"start":{"line":257,"column":0},"end":{"line":257,"column":7}},"258":{"start":{"line":259,"column":0},"end":{"line":259,"column":12}},"260":{"start":{"line":261,"column":0},"end":{"line":261,"column":81}},"262":{"start":{"line":263,"column":0},"end":{"line":263,"column":74}},"264":{"start":{"line":265,"column":0},"end":{"line":265,"column":86}},"265":{"start":{"line":266,"column":0},"end":{"line":266,"column":23}},"266":{"start":{"line":267,"column":0},"end":{"line":267,"column":14}},"268":{"start":{"line":269,"column":0},"end":{"line":269,"column":55}},"269":{"start":{"line":270,"column":0},"end":{"line":270,"column":42}},"270":{"start":{"line":271,"column":0},"end":{"line":271,"column":80}},"271":{"start":{"line":272,"column":0},"end":{"line":272,"column":25}},"272":{"start":{"line":273,"column":0},"end":{"line":273,"column":9}},"274":{"start":{"line":275,"column":0},"end":{"line":275,"column":7}},"275":{"start":{"line":276,"column":0},"end":{"line":276,"column":5}},"278":{"start":{"line":279,"column":0},"end":{"line":279,"column":52}},"279":{"start":{"line":280,"column":0},"end":{"line":280,"column":55}},"280":{"start":{"line":281,"column":0},"end":{"line":281,"column":87}},"281":{"start":{"line":282,"column":0},"end":{"line":282,"column":8}},"282":{"start":{"line":283,"column":0},"end":{"line":283,"column":27}},"283":{"start":{"line":284,"column":0},"end":{"line":284,"column":24}},"284":{"start":{"line":285,"column":0},"end":{"line":285,"column":7}},"285":{"start":{"line":286,"column":0},"end":{"line":286,"column":5}},"287":{"start":{"line":288,"column":0},"end":{"line":288,"column":18}},"288":{"start":{"line":289,"column":0},"end":{"line":289,"column":23}},"289":{"start":{"line":290,"column":0},"end":{"line":290,"column":16}},"290":{"start":{"line":291,"column":0},"end":{"line":291,"column":21}},"291":{"start":{"line":292,"column":0},"end":{"line":292,"column":19}},"292":{"start":{"line":293,"column":0},"end":{"line":293,"column":9}},"293":{"start":{"line":294,"column":0},"end":{"line":294,"column":5}},"294":{"start":{"line":295,"column":0},"end":{"line":295,"column":5}},"296":{"start":{"line":297,"column":0},"end":{"line":297,"column":20}},"297":{"start":{"line":298,"column":0},"end":{"line":298,"column":1}}},"s":{"10":1,"11":1,"12":1,"13":1,"14":1,"15":1,"18":1,"21":1,"22":1,"23":1,"24":1,"25":1,"26":1,"29":1,"30":1,"31":1,"32":1,"33":1,"34":1,"37":1,"41":1,"47":1,"48":1,"49":1,"50":1,"51":1,"52":1,"53":1,"54":1,"55":1,"56":1,"57":1,"58":1,"59":1,"60":1,"61":1,"70":1,"71":17,"72":17,"77":1,"78":0,"79":0,"84":1,"85":123,"86":123,"91":1,"92":197,"93":197,"98":1,"99":189,"100":189,"105":1,"106":654,"107":654,"112":1,"113":0,"114":0,"119":1,"120":0,"121":0,"127":1,"128":75,"129":3,"130":3,"131":75,"132":69,"133":69,"134":3,"135":3,"141":1,"142":49,"143":49,"144":49,"145":49,"150":1,"151":71,"152":71,"153":71,"154":18,"155":18,"156":71,"157":71,"162":1,"163":192,"164":192,"169":1,"170":50,"171":50,"174":50,"175":12,"176":12,"179":50,"180":0,"181":0,"184":50,"185":50,"190":1,"191":14,"192":14,"193":14,"194":14,"195":14,"200":1,"201":10,"203":2,"204":2,"206":10,"208":2,"209":2,"212":6,"213":6,"214":6,"215":6,"220":1,"224":52,"225":52,"226":52,"227":52,"229":52,"230":7,"231":7,"233":45,"234":180,"235":180,"236":180,"238":180,"240":135,"241":48,"242":48,"243":48,"244":180,"246":4,"247":45,"249":10,"250":10,"251":4,"252":4,"253":10,"254":4,"255":4,"256":4,"258":41,"260":31,"262":31,"264":3,"265":3,"266":31,"268":28,"269":28,"270":27,"271":27,"272":27,"274":28,"275":31,"278":180,"279":6,"280":6,"281":6,"282":6,"283":2,"284":2,"285":6,"287":180,"288":84,"289":84,"290":84,"291":84,"292":84,"293":84,"294":45,"296":45,"297":45},"branchMap":{"0":{"type":"branch","line":71,"loc":{"start":{"line":71,"column":7},"end":{"line":73,"column":1}},"locations":[{"start":{"line":71,"column":7},"end":{"line":73,"column":1}}]},"1":{"type":"branch","line":85,"loc":{"start":{"line":85,"column":7},"end":{"line":87,"column":1}},"locations":[{"start":{"line":85,"column":7},"end":{"line":87,"column":1}}]},"2":{"type":"branch","line":92,"loc":{"start":{"line":92,"column":7},"end":{"line":94,"column":1}},"locations":[{"start":{"line":92,"column":7},"end":{"line":94,"column":1}}]},"3":{"type":"branch","line":93,"loc":{"start":{"line":93,"column":21},"end":{"line":93,"column":42}},"locations":[{"start":{"line":93,"column":21},"end":{"line":93,"column":42}}]},"4":{"type":"branch","line":99,"loc":{"start":{"line":99,"column":7},"end":{"line":101,"column":1}},"locations":[{"start":{"line":99,"column":7},"end":{"line":101,"column":1}}]},"5":{"type":"branch","line":106,"loc":{"start":{"line":106,"column":7},"end":{"line":108,"column":1}},"locations":[{"start":{"line":106,"column":7},"end":{"line":108,"column":1}}]},"6":{"type":"branch","line":128,"loc":{"start":{"line":128,"column":7},"end":{"line":136,"column":1}},"locations":[{"start":{"line":128,"column":7},"end":{"line":136,"column":1}}]},"7":{"type":"branch","line":129,"loc":{"start":{"line":129,"column":13},"end":{"line":129,"column":31}},"locations":[{"start":{"line":129,"column":13},"end":{"line":129,"column":31}}]},"8":{"type":"branch","line":129,"loc":{"start":{"line":129,"column":25},"end":{"line":129,"column":41}},"locations":[{"start":{"line":129,"column":25},"end":{"line":129,"column":41}}]},"9":{"type":"branch","line":129,"loc":{"start":{"line":129,"column":36},"end":{"line":129,"column":50}},"locations":[{"start":{"line":129,"column":36},"end":{"line":129,"column":50}}]},"10":{"type":"branch","line":129,"loc":{"start":{"line":129,"column":50},"end":{"line":131,"column":3}},"locations":[{"start":{"line":129,"column":50},"end":{"line":131,"column":3}}]},"11":{"type":"branch","line":131,"loc":{"start":{"line":131,"column":2},"end":{"line":132,"column":18}},"locations":[{"start":{"line":131,"column":2},"end":{"line":132,"column":18}}]},"12":{"type":"branch","line":132,"loc":{"start":{"line":132,"column":18},"end":{"line":134,"column":3}},"locations":[{"start":{"line":132,"column":18},"end":{"line":134,"column":3}}]},"13":{"type":"branch","line":134,"loc":{"start":{"line":134,"column":2},"end":{"line":136,"column":1}},"locations":[{"start":{"line":134,"column":2},"end":{"line":136,"column":1}}]},"14":{"type":"branch","line":142,"loc":{"start":{"line":142,"column":7},"end":{"line":146,"column":1}},"locations":[{"start":{"line":142,"column":7},"end":{"line":146,"column":1}}]},"15":{"type":"branch","line":151,"loc":{"start":{"line":151,"column":7},"end":{"line":158,"column":1}},"locations":[{"start":{"line":151,"column":7},"end":{"line":158,"column":1}}]},"16":{"type":"branch","line":154,"loc":{"start":{"line":154,"column":20},"end":{"line":156,"column":3}},"locations":[{"start":{"line":154,"column":20},"end":{"line":156,"column":3}}]},"17":{"type":"branch","line":163,"loc":{"start":{"line":163,"column":7},"end":{"line":165,"column":1}},"locations":[{"start":{"line":163,"column":7},"end":{"line":165,"column":1}}]},"18":{"type":"branch","line":170,"loc":{"start":{"line":170,"column":7},"end":{"line":186,"column":1}},"locations":[{"start":{"line":170,"column":7},"end":{"line":186,"column":1}}]},"19":{"type":"branch","line":175,"loc":{"start":{"line":175,"column":29},"end":{"line":177,"column":3}},"locations":[{"start":{"line":175,"column":29},"end":{"line":177,"column":3}}]},"20":{"type":"branch","line":177,"loc":{"start":{"line":177,"column":2},"end":{"line":180,"column":27}},"locations":[{"start":{"line":177,"column":2},"end":{"line":180,"column":27}}]},"21":{"type":"branch","line":180,"loc":{"start":{"line":180,"column":27},"end":{"line":182,"column":3}},"locations":[{"start":{"line":180,"column":27},"end":{"line":182,"column":3}}]},"22":{"type":"branch","line":182,"loc":{"start":{"line":182,"column":2},"end":{"line":185,"column":41}},"locations":[{"start":{"line":182,"column":2},"end":{"line":185,"column":41}}]},"23":{"type":"branch","line":185,"loc":{"start":{"line":185,"column":21},"end":{"line":185,"column":75}},"locations":[{"start":{"line":185,"column":21},"end":{"line":185,"column":75}}]},"24":{"type":"branch","line":191,"loc":{"start":{"line":191,"column":7},"end":{"line":196,"column":1}},"locations":[{"start":{"line":191,"column":7},"end":{"line":196,"column":1}}]},"25":{"type":"branch","line":201,"loc":{"start":{"line":201,"column":7},"end":{"line":216,"column":1}},"locations":[{"start":{"line":201,"column":7},"end":{"line":216,"column":1}}]},"26":{"type":"branch","line":202,"loc":{"start":{"line":202,"column":36},"end":{"line":205,"column":3}},"locations":[{"start":{"line":202,"column":36},"end":{"line":205,"column":3}}]},"27":{"type":"branch","line":205,"loc":{"start":{"line":205,"column":2},"end":{"line":207,"column":40}},"locations":[{"start":{"line":205,"column":2},"end":{"line":207,"column":40}}]},"28":{"type":"branch","line":207,"loc":{"start":{"line":207,"column":40},"end":{"line":210,"column":3}},"locations":[{"start":{"line":207,"column":40},"end":{"line":210,"column":3}}]},"29":{"type":"branch","line":210,"loc":{"start":{"line":210,"column":2},"end":{"line":216,"column":1}},"locations":[{"start":{"line":210,"column":2},"end":{"line":216,"column":1}}]},"30":{"type":"branch","line":221,"loc":{"start":{"line":221,"column":7},"end":{"line":298,"column":1}},"locations":[{"start":{"line":221,"column":7},"end":{"line":298,"column":1}}]},"31":{"type":"branch","line":227,"loc":{"start":{"line":227,"column":30},"end":{"line":227,"column":49}},"locations":[{"start":{"line":227,"column":30},"end":{"line":227,"column":49}}]},"32":{"type":"branch","line":227,"loc":{"start":{"line":227,"column":40},"end":{"line":227,"column":51}},"locations":[{"start":{"line":227,"column":40},"end":{"line":227,"column":51}}]},"33":{"type":"branch","line":230,"loc":{"start":{"line":230,"column":23},"end":{"line":232,"column":3}},"locations":[{"start":{"line":230,"column":23},"end":{"line":232,"column":3}}]},"34":{"type":"branch","line":232,"loc":{"start":{"line":232,"column":2},"end":{"line":298,"column":1}},"locations":[{"start":{"line":232,"column":2},"end":{"line":298,"column":1}}]},"35":{"type":"branch","line":234,"loc":{"start":{"line":234,"column":31},"end":{"line":295,"column":3}},"locations":[{"start":{"line":234,"column":31},"end":{"line":295,"column":3}}]},"36":{"type":"branch","line":239,"loc":{"start":{"line":239,"column":32},"end":{"line":245,"column":15}},"locations":[{"start":{"line":239,"column":32},"end":{"line":245,"column":15}}]},"37":{"type":"branch","line":241,"loc":{"start":{"line":241,"column":63},"end":{"line":244,"column":7}},"locations":[{"start":{"line":241,"column":63},"end":{"line":244,"column":7}}]},"38":{"type":"branch","line":245,"loc":{"start":{"line":245,"column":4},"end":{"line":276,"column":5}},"locations":[{"start":{"line":245,"column":4},"end":{"line":276,"column":5}}]},"39":{"type":"branch","line":245,"loc":{"start":{"line":245,"column":41},"end":{"line":248,"column":15}},"locations":[{"start":{"line":245,"column":41},"end":{"line":248,"column":15}}]},"40":{"type":"branch","line":248,"loc":{"start":{"line":248,"column":4},"end":{"line":276,"column":5}},"locations":[{"start":{"line":248,"column":4},"end":{"line":276,"column":5}}]},"41":{"type":"branch","line":248,"loc":{"start":{"line":248,"column":43},"end":{"line":259,"column":11}},"locations":[{"start":{"line":248,"column":43},"end":{"line":259,"column":11}}]},"42":{"type":"branch","line":251,"loc":{"start":{"line":251,"column":39},"end":{"line":254,"column":17}},"locations":[{"start":{"line":251,"column":39},"end":{"line":254,"column":17}}]},"43":{"type":"branch","line":254,"loc":{"start":{"line":254,"column":6},"end":{"line":257,"column":7}},"locations":[{"start":{"line":254,"column":6},"end":{"line":257,"column":7}}]},"44":{"type":"branch","line":254,"loc":{"start":{"line":254,"column":44},"end":{"line":257,"column":7}},"locations":[{"start":{"line":254,"column":44},"end":{"line":257,"column":7}}]},"45":{"type":"branch","line":259,"loc":{"start":{"line":259,"column":4},"end":{"line":276,"column":5}},"locations":[{"start":{"line":259,"column":4},"end":{"line":276,"column":5}}]},"46":{"type":"branch","line":263,"loc":{"start":{"line":263,"column":73},"end":{"line":267,"column":13}},"locations":[{"start":{"line":263,"column":73},"end":{"line":267,"column":13}}]},"47":{"type":"branch","line":267,"loc":{"start":{"line":267,"column":6},"end":{"line":275,"column":7}},"locations":[{"start":{"line":267,"column":6},"end":{"line":275,"column":7}}]},"48":{"type":"branch","line":270,"loc":{"start":{"line":270,"column":41},"end":{"line":273,"column":9}},"locations":[{"start":{"line":270,"column":41},"end":{"line":273,"column":9}}]},"49":{"type":"branch","line":279,"loc":{"start":{"line":279,"column":8},"end":{"line":279,"column":51}},"locations":[{"start":{"line":279,"column":8},"end":{"line":279,"column":51}}]},"50":{"type":"branch","line":279,"loc":{"start":{"line":279,"column":51},"end":{"line":286,"column":5}},"locations":[{"start":{"line":279,"column":51},"end":{"line":286,"column":5}}]},"51":{"type":"branch","line":283,"loc":{"start":{"line":283,"column":26},"end":{"line":285,"column":7}},"locations":[{"start":{"line":283,"column":26},"end":{"line":285,"column":7}}]},"52":{"type":"branch","line":288,"loc":{"start":{"line":288,"column":17},"end":{"line":294,"column":5}},"locations":[{"start":{"line":288,"column":17},"end":{"line":294,"column":5}}]},"53":{"type":"branch","line":281,"loc":{"start":{"line":281,"column":8},"end":{"line":281,"column":87}},"locations":[{"start":{"line":281,"column":8},"end":{"line":281,"column":87}}]},"54":{"type":"branch","line":281,"loc":{"start":{"line":281,"column":24},"end":{"line":281,"column":64}},"locations":[{"start":{"line":281,"column":24},"end":{"line":281,"column":64}}]},"55":{"type":"branch","line":281,"loc":{"start":{"line":281,"column":50},"end":{"line":281,"column":87}},"locations":[{"start":{"line":281,"column":50},"end":{"line":281,"column":87}}]}},"b":{"0":[17],"1":[123],"2":[197],"3":[35],"4":[189],"5":[654],"6":[75],"7":[74],"8":[73],"9":[73],"10":[3],"11":[72],"12":[69],"13":[3],"14":[49],"15":[71],"16":[18],"17":[192],"18":[50],"19":[12],"20":[38],"21":[0],"22":[38],"23":[7],"24":[14],"25":[10],"26":[2],"27":[8],"28":[2],"29":[6],"30":[52],"31":[46],"32":[6],"33":[7],"34":[45],"35":[180],"36":[135],"37":[48],"38":[45],"39":[4],"40":[41],"41":[10],"42":[4],"43":[6],"44":[4],"45":[31],"46":[3],"47":[28],"48":[27],"49":[86],"50":[6],"51":[2],"52":[84],"53":[20],"54":[14],"55":[2]},"fnMap":{"0":{"name":"getNextPlayerIndex","decl":{"start":{"line":71,"column":7},"end":{"line":73,"column":1}},"loc":{"start":{"line":71,"column":7},"end":{"line":73,"column":1}},"line":71},"1":{"name":"getPreviousPlayerIndex","decl":{"start":{"line":78,"column":7},"end":{"line":80,"column":1}},"loc":{"start":{"line":78,"column":7},"end":{"line":80,"column":1}},"line":78},"2":{"name":"isSafeCell","decl":{"start":{"line":85,"column":7},"end":{"line":87,"column":1}},"loc":{"start":{"line":85,"column":7},"end":{"line":87,"column":1}},"line":85},"3":{"name":"isInHomeLane","decl":{"start":{"line":92,"column":7},"end":{"line":94,"column":1}},"loc":{"start":{"line":92,"column":7},"end":{"line":94,"column":1}},"line":92},"4":{"name":"isFinished","decl":{"start":{"line":99,"column":7},"end":{"line":101,"column":1}},"loc":{"start":{"line":99,"column":7},"end":{"line":101,"column":1}},"line":99},"5":{"name":"isInHome","decl":{"start":{"line":106,"column":7},"end":{"line":108,"column":1}},"loc":{"start":{"line":106,"column":7},"end":{"line":108,"column":1}},"line":106},"6":{"name":"getColorForIndex","decl":{"start":{"line":113,"column":7},"end":{"line":115,"column":1}},"loc":{"start":{"line":113,"column":7},"end":{"line":115,"column":1}},"line":113},"7":{"name":"getIndexForColor","decl":{"start":{"line":120,"column":7},"end":{"line":122,"column":1}},"loc":{"start":{"line":120,"column":7},"end":{"line":122,"column":1}},"line":120},"8":{"name":"getTrackDistance","decl":{"start":{"line":128,"column":7},"end":{"line":136,"column":1}},"loc":{"start":{"line":128,"column":7},"end":{"line":136,"column":1}},"line":128},"9":{"name":"getAbsolutePosition","decl":{"start":{"line":142,"column":7},"end":{"line":146,"column":1}},"loc":{"start":{"line":142,"column":7},"end":{"line":146,"column":1}},"line":142},"10":{"name":"getRelativePosition","decl":{"start":{"line":151,"column":7},"end":{"line":158,"column":1}},"loc":{"start":{"line":151,"column":7},"end":{"line":158,"column":1}},"line":151},"11":{"name":"canEnterBoard","decl":{"start":{"line":163,"column":7},"end":{"line":165,"column":1}},"loc":{"start":{"line":163,"column":7},"end":{"line":165,"column":1}},"line":163},"12":{"name":"canEnterHomeLane","decl":{"start":{"line":170,"column":7},"end":{"line":186,"column":1}},"loc":{"start":{"line":170,"column":7},"end":{"line":186,"column":1}},"line":170},"13":{"name":"getHomeLanePosition","decl":{"start":{"line":191,"column":7},"end":{"line":196,"column":1}},"loc":{"start":{"line":191,"column":7},"end":{"line":196,"column":1}},"line":191},"14":{"name":"wouldLandOnSafeCell","decl":{"start":{"line":201,"column":7},"end":{"line":216,"column":1}},"loc":{"start":{"line":201,"column":7},"end":{"line":216,"column":1}},"line":201},"15":{"name":"getLegalMoves","decl":{"start":{"line":221,"column":7},"end":{"line":298,"column":1}},"loc":{"start":{"line":221,"column":7},"end":{"line":298,"column":1}},"line":221}},"f":{"0":17,"1":0,"2":123,"3":197,"4":189,"5":654,"6":0,"7":0,"8":75,"9":49,"10":71,"11":192,"12":50,"13":14,"14":10,"15":52}}
,"/Users/akash/ludo-nexus/packages/game-engine/src/index.ts": {"path":"/Users/akash/ludo-nexus/packages/game-engine/src/index.ts","all":false,"statementMap":{"0":{"start":{"line":1,"column":0},"end":{"line":1,"column":47}}},"s":{"0":1},"branchMap":{},"b":{},"fnMap":{},"f":{}}
,"/Users/akash/ludo-nexus/packages/game-engine/src/bot/botAI.ts": {"path":"/Users/akash/ludo-nexus/packages/game-engine/src/bot/botAI.ts","all":false,"statementMap":{"0":{"start":{"line":1,"column":0},"end":{"line":1,"column":47}},"21":{"start":{"line":22,"column":0},"end":{"line":22,"column":22}},"22":{"start":{"line":23,"column":0},"end":{"line":23,"column":66}},"23":{"start":{"line":24,"column":0},"end":{"line":24,"column":50}},"24":{"start":{"line":25,"column":0},"end":{"line":25,"column":48}},"27":{"start":{"line":28,"column":0},"end":{"line":28,"column":34}},"28":{"start":{"line":29,"column":0},"end":{"line":29,"column":60}},"29":{"start":{"line":30,"column":0},"end":{"line":30,"column":5}},"32":{"start":{"line":33,"column":0},"end":{"line":33,"column":51}},"33":{"start":{"line":34,"column":0},"end":{"line":34,"column":32}},"34":{"start":{"line":35,"column":0},"end":{"line":35,"column":5}},"37":{"start":{"line":38,"column":0},"end":{"line":38,"column":81}},"38":{"start":{"line":39,"column":0},"end":{"line":39,"column":59}},"39":{"start":{"line":40,"column":0},"end":{"line":40,"column":3}},"40":{"start":{"line":41,"column":0},"end":{"line":41,"column":1}},"46":{"start":{"line":47,"column":0},"end":{"line":47,"column":24}},"47":{"start":{"line":48,"column":0},"end":{"line":48,"column":66}},"48":{"start":{"line":49,"column":0},"end":{"line":49,"column":50}},"49":{"start":{"line":50,"column":0},"end":{"line":50,"column":48}},"51":{"start":{"line":52,"column":0},"end":{"line":52,"column":34}},"52":{"start":{"line":53,"column":0},"end":{"line":53,"column":32}},"53":{"start":{"line":54,"column":0},"end":{"line":54,"column":5}},"55":{"start":{"line":56,"column":0},"end":{"line":56,"column":51}},"56":{"start":{"line":57,"column":0},"end":{"line":57,"column":32}},"57":{"start":{"line":58,"column":0},"end":{"line":58,"column":5}},"60":{"start":{"line":61,"column":0},"end":{"line":61,"column":50}},"61":{"start":{"line":62,"column":0},"end":{"line":62,"column":48}},"62":{"start":{"line":63,"column":0},"end":{"line":63,"column":20}},"65":{"start":{"line":66,"column":0},"end":{"line":66,"column":37}},"66":{"start":{"line":67,"column":0},"end":{"line":67,"column":21}},"67":{"start":{"line":68,"column":0},"end":{"line":68,"column":7}},"70":{"start":{"line":71,"column":0},"end":{"line":71,"column":42}},"71":{"start":{"line":72,"column":0},"end":{"line":72,"column":20}},"72":{"start":{"line":73,"column":0},"end":{"line":73,"column":7}},"73":{"start":{"line":74,"column":0},"end":{"line":74,"column":40}},"74":{"start":{"line":75,"column":0},"end":{"line":75,"column":21}},"75":{"start":{"line":76,"column":0},"end":{"line":76,"column":7}},"78":{"start":{"line":79,"column":0},"end":{"line":79,"column":95}},"79":{"start":{"line":80,"column":0},"end":{"line":80,"column":25}},"80":{"start":{"line":81,"column":0},"end":{"line":81,"column":31}},"81":{"start":{"line":82,"column":0},"end":{"line":82,"column":7}},"84":{"start":{"line":85,"column":0},"end":{"line":85,"column":67}},"85":{"start":{"line":86,"column":0},"end":{"line":86,"column":20}},"86":{"start":{"line":87,"column":0},"end":{"line":87,"column":7}},"89":{"start":{"line":90,"column":0},"end":{"line":90,"column":83}},"90":{"start":{"line":91,"column":0},"end":{"line":91,"column":32}},"93":{"start":{"line":94,"column":0},"end":{"line":94,"column":108}},"94":{"start":{"line":95,"column":0},"end":{"line":95,"column":49}},"95":{"start":{"line":96,"column":0},"end":{"line":96,"column":43}},"96":{"start":{"line":97,"column":0},"end":{"line":97,"column":7}},"99":{"start":{"line":100,"column":0},"end":{"line":100,"column":33}},"101":{"start":{"line":102,"column":0},"end":{"line":102,"column":32}},"102":{"start":{"line":103,"column":0},"end":{"line":103,"column":7}},"105":{"start":{"line":106,"column":0},"end":{"line":106,"column":50}},"106":{"start":{"line":107,"column":0},"end":{"line":107,"column":63}},"107":{"start":{"line":108,"column":0},"end":{"line":108,"column":3}},"109":{"start":{"line":110,"column":0},"end":{"line":110,"column":34}},"110":{"start":{"line":111,"column":0},"end":{"line":111,"column":25}},"111":{"start":{"line":112,"column":0},"end":{"line":112,"column":27}},"112":{"start":{"line":113,"column":0},"end":{"line":113,"column":20}},"113":{"start":{"line":114,"column":0},"end":{"line":114,"column":13}},"114":{"start":{"line":115,"column":0},"end":{"line":115,"column":66}},"115":{"start":{"line":116,"column":0},"end":{"line":116,"column":65}},"117":{"start":{"line":118,"column":0},"end":{"line":118,"column":18}},"118":{"start":{"line":119,"column":0},"end":{"line":119,"column":38}},"119":{"start":{"line":120,"column":0},"end":{"line":120,"column":61}},"120":{"start":{"line":121,"column":0},"end":{"line":121,"column":31}},"121":{"start":{"line":122,"column":0},"end":{"line":122,"column":80}},"122":{"start":{"line":123,"column":0},"end":{"line":123,"column":18}},"123":{"start":{"line":124,"column":0},"end":{"line":124,"column":9}},"124":{"start":{"line":125,"column":0},"end":{"line":125,"column":9}},"125":{"start":{"line":126,"column":0},"end":{"line":126,"column":7}},"126":{"start":{"line":127,"column":0},"end":{"line":127,"column":17}},"127":{"start":{"line":128,"column":0},"end":{"line":128,"column":3}},"129":{"start":{"line":130,"column":0},"end":{"line":130,"column":26}},"130":{"start":{"line":131,"column":0},"end":{"line":131,"column":25}},"131":{"start":{"line":132,"column":0},"end":{"line":132,"column":24}},"132":{"start":{"line":133,"column":0},"end":{"line":133,"column":20}},"133":{"start":{"line":134,"column":0},"end":{"line":134,"column":13}},"134":{"start":{"line":135,"column":0},"end":{"line":135,"column":66}},"135":{"start":{"line":136,"column":0},"end":{"line":136,"column":65}},"137":{"start":{"line":138,"column":0},"end":{"line":138,"column":19}},"138":{"start":{"line":139,"column":0},"end":{"line":139,"column":38}},"139":{"start":{"line":140,"column":0},"end":{"line":140,"column":60}},"142":{"start":{"line":143,"column":0},"end":{"line":143,"column":35}},"143":{"start":{"line":144,"column":0},"end":{"line":144,"column":75}},"145":{"start":{"line":146,"column":0},"end":{"line":146,"column":73}},"146":{"start":{"line":147,"column":0},"end":{"line":147,"column":82}},"149":{"start":{"line":150,"column":0},"end":{"line":150,"column":45}},"150":{"start":{"line":151,"column":0},"end":{"line":151,"column":22}},"151":{"start":{"line":152,"column":0},"end":{"line":152,"column":9}},"152":{"start":{"line":153,"column":0},"end":{"line":153,"column":9}},"153":{"start":{"line":154,"column":0},"end":{"line":154,"column":7}},"154":{"start":{"line":155,"column":0},"end":{"line":155,"column":18}},"155":{"start":{"line":156,"column":0},"end":{"line":156,"column":3}},"157":{"start":{"line":158,"column":0},"end":{"line":158,"column":105}},"158":{"start":{"line":159,"column":0},"end":{"line":159,"column":83}},"159":{"start":{"line":160,"column":0},"end":{"line":160,"column":60}},"160":{"start":{"line":161,"column":0},"end":{"line":161,"column":41}},"161":{"start":{"line":162,"column":0},"end":{"line":162,"column":3}},"163":{"start":{"line":164,"column":0},"end":{"line":164,"column":85}},"164":{"start":{"line":165,"column":0},"end":{"line":165,"column":41}},"165":{"start":{"line":166,"column":0},"end":{"line":166,"column":31}},"166":{"start":{"line":167,"column":0},"end":{"line":167,"column":27}},"167":{"start":{"line":168,"column":0},"end":{"line":168,"column":15}},"168":{"start":{"line":169,"column":0},"end":{"line":169,"column":3}},"169":{"start":{"line":170,"column":0},"end":{"line":170,"column":1}},"175":{"start":{"line":176,"column":0},"end":{"line":176,"column":22}},"176":{"start":{"line":177,"column":0},"end":{"line":177,"column":21}},"177":{"start":{"line":178,"column":0},"end":{"line":178,"column":18}},"178":{"start":{"line":179,"column":0},"end":{"line":179,"column":23}},"179":{"start":{"line":180,"column":0},"end":{"line":180,"column":21}},"180":{"start":{"line":181,"column":0},"end":{"line":181,"column":17}},"181":{"start":{"line":182,"column":0},"end":{"line":182,"column":17}},"182":{"start":{"line":183,"column":0},"end":{"line":183,"column":20}},"183":{"start":{"line":184,"column":0},"end":{"line":184,"column":23}},"184":{"start":{"line":185,"column":0},"end":{"line":185,"column":23}},"185":{"start":{"line":186,"column":0},"end":{"line":186,"column":20}},"186":{"start":{"line":187,"column":0},"end":{"line":187,"column":24}},"187":{"start":{"line":188,"column":0},"end":{"line":188,"column":4}},"189":{"start":{"line":190,"column":0},"end":{"line":190,"column":66}},"190":{"start":{"line":191,"column":0},"end":{"line":191,"column":50}},"191":{"start":{"line":192,"column":0},"end":{"line":192,"column":48}},"193":{"start":{"line":194,"column":0},"end":{"line":194,"column":34}},"194":{"start":{"line":195,"column":0},"end":{"line":195,"column":32}},"195":{"start":{"line":196,"column":0},"end":{"line":196,"column":5}},"197":{"start":{"line":198,"column":0},"end":{"line":198,"column":51}},"198":{"start":{"line":199,"column":0},"end":{"line":199,"column":32}},"199":{"start":{"line":200,"column":0},"end":{"line":200,"column":5}},"202":{"start":{"line":203,"column":0},"end":{"line":203,"column":53}},"203":{"start":{"line":204,"column":0},"end":{"line":204,"column":48}},"204":{"start":{"line":205,"column":0},"end":{"line":205,"column":75}},"205":{"start":{"line":206,"column":0},"end":{"line":206,"column":37}},"206":{"start":{"line":207,"column":0},"end":{"line":207,"column":7}},"209":{"start":{"line":210,"column":0},"end":{"line":210,"column":63}},"210":{"start":{"line":211,"column":0},"end":{"line":211,"column":66}},"211":{"start":{"line":212,"column":0},"end":{"line":212,"column":3}},"213":{"start":{"line":214,"column":0},"end":{"line":214,"column":23}},"214":{"start":{"line":215,"column":0},"end":{"line":215,"column":25}},"215":{"start":{"line":216,"column":0},"end":{"line":216,"column":24}},"216":{"start":{"line":217,"column":0},"end":{"line":217,"column":22}},"217":{"start":{"line":218,"column":0},"end":{"line":218,"column":71}},"218":{"start":{"line":219,"column":0},"end":{"line":219,"column":13}},"219":{"start":{"line":220,"column":0},"end":{"line":220,"column":18}},"220":{"start":{"line":221,"column":0},"end":{"line":221,"column":32}},"223":{"start":{"line":224,"column":0},"end":{"line":224,"column":35}},"224":{"start":{"line":225,"column":0},"end":{"line":225,"column":37}},"225":{"start":{"line":226,"column":0},"end":{"line":226,"column":5}},"228":{"start":{"line":229,"column":0},"end":{"line":229,"column":35}},"229":{"start":{"line":230,"column":0},"end":{"line":230,"column":42}},"231":{"start":{"line":232,"column":0},"end":{"line":232,"column":38}},"232":{"start":{"line":233,"column":0},"end":{"line":233,"column":5}},"233":{"start":{"line":234,"column":0},"end":{"line":234,"column":33}},"234":{"start":{"line":235,"column":0},"end":{"line":235,"column":40}},"235":{"start":{"line":236,"column":0},"end":{"line":236,"column":5}},"238":{"start":{"line":239,"column":0},"end":{"line":239,"column":80}},"239":{"start":{"line":240,"column":0},"end":{"line":240,"column":55}},"240":{"start":{"line":241,"column":0},"end":{"line":241,"column":63}},"243":{"start":{"line":244,"column":0},"end":{"line":244,"column":60}},"244":{"start":{"line":245,"column":0},"end":{"line":245,"column":37}},"245":{"start":{"line":246,"column":0},"end":{"line":246,"column":5}},"248":{"start":{"line":249,"column":0},"end":{"line":249,"column":68}},"249":{"start":{"line":250,"column":0},"end":{"line":250,"column":47}},"252":{"start":{"line":253,"column":0},"end":{"line":253,"column":82}},"253":{"start":{"line":254,"column":0},"end":{"line":254,"column":53}},"256":{"start":{"line":257,"column":0},"end":{"line":257,"column":87}},"257":{"start":{"line":258,"column":0},"end":{"line":258,"column":25}},"260":{"start":{"line":261,"column":0},"end":{"line":261,"column":53}},"261":{"start":{"line":262,"column":0},"end":{"line":262,"column":100}},"262":{"start":{"line":263,"column":0},"end":{"line":263,"column":59}},"264":{"start":{"line":265,"column":0},"end":{"line":265,"column":17}},"265":{"start":{"line":266,"column":0},"end":{"line":266,"column":3}},"267":{"start":{"line":268,"column":0},"end":{"line":268,"column":26}},"268":{"start":{"line":269,"column":0},"end":{"line":269,"column":25}},"269":{"start":{"line":270,"column":0},"end":{"line":270,"column":27}},"270":{"start":{"line":271,"column":0},"end":{"line":271,"column":20}},"271":{"start":{"line":272,"column":0},"end":{"line":272,"column":47}},"272":{"start":{"line":273,"column":0},"end":{"line":273,"column":95}},"273":{"start":{"line":274,"column":0},"end":{"line":274,"column":94}},"275":{"start":{"line":276,"column":0},"end":{"line":276,"column":22}},"276":{"start":{"line":277,"column":0},"end":{"line":277,"column":22}},"278":{"start":{"line":279,"column":0},"end":{"line":279,"column":38}},"279":{"start":{"line":280,"column":0},"end":{"line":280,"column":61}},"281":{"start":{"line":282,"column":0},"end":{"line":282,"column":35}},"282":{"start":{"line":283,"column":0},"end":{"line":283,"column":92}},"283":{"start":{"line":284,"column":0},"end":{"line":284,"column":22}},"286":{"start":{"line":287,"column":0},"end":{"line":287,"column":75}},"287":{"start":{"line":288,"column":0},"end":{"line":288,"column":47}},"288":{"start":{"line":289,"column":0},"end":{"line":289,"column":52}},"289":{"start":{"line":290,"column":0},"end":{"line":290,"column":9}},"290":{"start":{"line":291,"column":0},"end":{"line":291,"column":9}},"291":{"start":{"line":292,"column":0},"end":{"line":292,"column":7}},"293":{"start":{"line":294,"column":0},"end":{"line":294,"column":36}},"294":{"start":{"line":295,"column":0},"end":{"line":295,"column":3}},"296":{"start":{"line":297,"column":0},"end":{"line":297,"column":23}},"297":{"start":{"line":298,"column":0},"end":{"line":298,"column":25}},"298":{"start":{"line":299,"column":0},"end":{"line":299,"column":24}},"299":{"start":{"line":300,"column":0},"end":{"line":300,"column":20}},"300":{"start":{"line":301,"column":0},"end":{"line":301,"column":13}},"301":{"start":{"line":302,"column":0},"end":{"line":302,"column":66}},"302":{"start":{"line":303,"column":0},"end":{"line":303,"column":65}},"304":{"start":{"line":305,"column":0},"end":{"line":305,"column":19}},"306":{"start":{"line":307,"column":0},"end":{"line":307,"column":38}},"307":{"start":{"line":308,"column":0},"end":{"line":308,"column":60}},"309":{"start":{"line":310,"column":0},"end":{"line":310,"column":35}},"310":{"start":{"line":311,"column":0},"end":{"line":311,"column":75}},"312":{"start":{"line":313,"column":0},"end":{"line":313,"column":73}},"313":{"start":{"line":314,"column":0},"end":{"line":314,"column":82}},"316":{"start":{"line":317,"column":0},"end":{"line":317,"column":45}},"318":{"start":{"line":319,"column":0},"end":{"line":319,"column":39}},"319":{"start":{"line":320,"column":0},"end":{"line":320,"column":9}},"322":{"start":{"line":323,"column":0},"end":{"line":323,"column":9}},"323":{"start":{"line":324,"column":0},"end":{"line":324,"column":7}},"325":{"start":{"line":326,"column":0},"end":{"line":326,"column":18}},"326":{"start":{"line":327,"column":0},"end":{"line":327,"column":3}},"328":{"start":{"line":329,"column":0},"end":{"line":329,"column":33}},"329":{"start":{"line":330,"column":0},"end":{"line":330,"column":25}},"330":{"start":{"line":331,"column":0},"end":{"line":331,"column":24}},"331":{"start":{"line":332,"column":0},"end":{"line":332,"column":20}},"332":{"start":{"line":333,"column":0},"end":{"line":333,"column":13}},"334":{"start":{"line":335,"column":0},"end":{"line":335,"column":23}},"336":{"start":{"line":337,"column":0},"end":{"line":337,"column":38}},"337":{"start":{"line":338,"column":0},"end":{"line":338,"column":60}},"339":{"start":{"line":340,"column":0},"end":{"line":340,"column":35}},"340":{"start":{"line":341,"column":0},"end":{"line":341,"column":75}},"342":{"start":{"line":343,"column":0},"end":{"line":343,"column":75}},"343":{"start":{"line":344,"column":0},"end":{"line":344,"column":85}},"346":{"start":{"line":347,"column":0},"end":{"line":347,"column":53}},"347":{"start":{"line":348,"column":0},"end":{"line":348,"column":45}},"348":{"start":{"line":349,"column":0},"end":{"line":349,"column":43}},"349":{"start":{"line":350,"column":0},"end":{"line":350,"column":9}},"350":{"start":{"line":351,"column":0},"end":{"line":351,"column":9}},"351":{"start":{"line":352,"column":0},"end":{"line":352,"column":7}},"353":{"start":{"line":354,"column":0},"end":{"line":354,"column":22}},"354":{"start":{"line":355,"column":0},"end":{"line":355,"column":3}},"356":{"start":{"line":357,"column":0},"end":{"line":357,"column":30}},"357":{"start":{"line":358,"column":0},"end":{"line":358,"column":25}},"358":{"start":{"line":359,"column":0},"end":{"line":359,"column":24}},"359":{"start":{"line":360,"column":0},"end":{"line":360,"column":22}},"360":{"start":{"line":361,"column":0},"end":{"line":361,"column":22}},"361":{"start":{"line":362,"column":0},"end":{"line":362,"column":13}},"362":{"start":{"line":363,"column":0},"end":{"line":363,"column":75}},"363":{"start":{"line":364,"column":0},"end":{"line":364,"column":87}},"364":{"start":{"line":365,"column":0},"end":{"line":365,"column":139}},"366":{"start":{"line":367,"column":0},"end":{"line":367,"column":18}},"369":{"start":{"line":370,"column":0},"end":{"line":370,"column":73}},"370":{"start":{"line":371,"column":0},"end":{"line":371,"column":48}},"371":{"start":{"line":372,"column":0},"end":{"line":372,"column":5}},"374":{"start":{"line":375,"column":0},"end":{"line":375,"column":28}},"375":{"start":{"line":376,"column":0},"end":{"line":376,"column":108}},"376":{"start":{"line":377,"column":0},"end":{"line":377,"column":49}},"377":{"start":{"line":378,"column":0},"end":{"line":378,"column":42}},"378":{"start":{"line":379,"column":0},"end":{"line":379,"column":7}},"379":{"start":{"line":380,"column":0},"end":{"line":380,"column":5}},"382":{"start":{"line":383,"column":0},"end":{"line":383,"column":29}},"383":{"start":{"line":384,"column":0},"end":{"line":384,"column":63}},"384":{"start":{"line":385,"column":0},"end":{"line":385,"column":49}},"385":{"start":{"line":386,"column":0},"end":{"line":386,"column":7}},"386":{"start":{"line":387,"column":0},"end":{"line":387,"column":5}},"388":{"start":{"line":389,"column":0},"end":{"line":389,"column":17}},"389":{"start":{"line":390,"column":0},"end":{"line":390,"column":3}},"391":{"start":{"line":392,"column":0},"end":{"line":392,"column":35}},"392":{"start":{"line":393,"column":0},"end":{"line":393,"column":25}},"393":{"start":{"line":394,"column":0},"end":{"line":394,"column":24}},"394":{"start":{"line":395,"column":0},"end":{"line":395,"column":23}},"395":{"start":{"line":396,"column":0},"end":{"line":396,"column":23}},"396":{"start":{"line":397,"column":0},"end":{"line":397,"column":13}},"397":{"start":{"line":398,"column":0},"end":{"line":398,"column":19}},"400":{"start":{"line":401,"column":0},"end":{"line":401,"column":62}},"401":{"start":{"line":402,"column":0},"end":{"line":402,"column":18}},"402":{"start":{"line":403,"column":0},"end":{"line":403,"column":5}},"405":{"start":{"line":406,"column":0},"end":{"line":406,"column":80}},"406":{"start":{"line":407,"column":0},"end":{"line":407,"column":71}},"407":{"start":{"line":408,"column":0},"end":{"line":408,"column":20}},"408":{"start":{"line":409,"column":0},"end":{"line":409,"column":5}},"411":{"start":{"line":412,"column":0},"end":{"line":412,"column":68}},"412":{"start":{"line":413,"column":0},"end":{"line":413,"column":18}},"413":{"start":{"line":414,"column":0},"end":{"line":414,"column":5}},"415":{"start":{"line":416,"column":0},"end":{"line":416,"column":18}},"416":{"start":{"line":417,"column":0},"end":{"line":417,"column":3}},"418":{"start":{"line":419,"column":0},"end":{"line":419,"column":105}},"419":{"start":{"line":420,"column":0},"end":{"line":420,"column":83}},"420":{"start":{"line":421,"column":0},"end":{"line":421,"column":50}},"421":{"start":{"line":422,"column":0},"end":{"line":422,"column":41}},"422":{"start":{"line":423,"column":0},"end":{"line":423,"column":3}},"424":{"start":{"line":425,"column":0},"end":{"line":425,"column":85}},"425":{"start":{"line":426,"column":0},"end":{"line":426,"column":41}},"426":{"start":{"line":427,"column":0},"end":{"line":427,"column":31}},"427":{"start":{"line":428,"column":0},"end":{"line":428,"column":27}},"428":{"start":{"line":429,"column":0},"end":{"line":429,"column":15}},"429":{"start":{"line":430,"column":0},"end":{"line":430,"column":3}},"430":{"start":{"line":431,"column":0},"end":{"line":431,"column":1}},"438":{"start":{"line":439,"column":0},"end":{"line":439,"column":85}},"439":{"start":{"line":440,"column":0},"end":{"line":440,"column":23}},"440":{"start":{"line":441,"column":0},"end":{"line":441,"column":16}},"441":{"start":{"line":442,"column":0},"end":{"line":442,"column":27}},"442":{"start":{"line":443,"column":0},"end":{"line":443,"column":18}},"443":{"start":{"line":444,"column":0},"end":{"line":444,"column":29}},"444":{"start":{"line":445,"column":0},"end":{"line":445,"column":16}},"445":{"start":{"line":446,"column":0},"end":{"line":446,"column":27}},"446":{"start":{"line":447,"column":0},"end":{"line":447,"column":12}},"447":{"start":{"line":448,"column":0},"end":{"line":448,"column":29}},"448":{"start":{"line":449,"column":0},"end":{"line":449,"column":3}},"449":{"start":{"line":450,"column":0},"end":{"line":450,"column":1}},"455":{"start":{"line":456,"column":0},"end":{"line":456,"column":22}},"456":{"start":{"line":457,"column":0},"end":{"line":457,"column":10}},"457":{"start":{"line":458,"column":0},"end":{"line":458,"column":12}},"458":{"start":{"line":459,"column":0},"end":{"line":459,"column":10}},"459":{"start":{"line":460,"column":0},"end":{"line":460,"column":12}},"460":{"start":{"line":461,"column":0},"end":{"line":461,"column":2}}},"s":{"0":1,"21":1,"22":1,"23":6,"24":6,"27":6,"28":3,"29":3,"32":6,"33":0,"34":0,"37":3,"38":3,"39":6,"40":1,"46":1,"47":1,"48":6,"49":6,"51":6,"52":1,"53":1,"55":6,"56":0,"57":0,"60":5,"61":11,"62":11,"65":11,"66":4,"67":4,"70":11,"71":0,"72":0,"73":11,"74":1,"75":1,"78":11,"79":11,"80":1,"81":1,"84":11,"85":6,"86":6,"89":11,"90":11,"93":11,"94":11,"95":6,"96":6,"99":11,"101":11,"102":5,"105":5,"106":5,"107":6,"109":1,"110":11,"111":11,"112":11,"113":11,"114":11,"115":11,"117":4,"118":4,"119":16,"120":12,"121":48,"122":1,"123":1,"124":12,"125":4,"126":4,"127":11,"129":1,"130":11,"131":11,"132":11,"133":11,"134":11,"135":11,"137":4,"138":4,"139":16,"142":12,"143":48,"145":3,"146":3,"149":48,"150":1,"151":1,"152":12,"153":4,"154":4,"155":11,"157":1,"158":3,"159":3,"160":2,"161":3,"163":1,"164":3,"165":3,"166":3,"167":3,"168":3,"169":1,"175":1,"176":8,"177":8,"178":8,"179":8,"180":8,"181":8,"182":8,"183":8,"184":8,"185":8,"186":8,"187":8,"189":8,"190":7,"191":7,"193":7,"194":1,"195":1,"197":7,"198":0,"199":0,"202":6,"203":14,"204":14,"205":14,"206":6,"209":6,"210":6,"211":7,"213":8,"214":14,"215":14,"216":14,"217":14,"218":14,"219":14,"220":14,"223":14,"224":8,"225":8,"228":14,"229":0,"231":0,"232":0,"233":14,"234":1,"235":1,"238":14,"239":14,"240":14,"243":14,"244":10,"245":10,"248":14,"249":14,"252":14,"253":14,"256":14,"257":14,"260":14,"261":14,"262":14,"264":14,"265":14,"267":8,"268":28,"269":28,"270":28,"271":28,"272":28,"273":28,"275":6,"276":6,"278":6,"279":24,"281":18,"282":72,"283":4,"286":4,"287":4,"288":0,"289":4,"290":18,"291":6,"293":6,"294":28,"296":8,"297":14,"298":14,"299":14,"300":14,"301":14,"302":14,"304":3,"306":3,"307":12,"309":9,"310":36,"312":3,"313":3,"316":36,"318":0,"319":0,"322":9,"323":3,"325":3,"326":14,"328":8,"329":14,"330":14,"331":14,"332":14,"334":14,"336":14,"337":56,"339":42,"340":168,"342":5,"343":5,"346":5,"347":168,"348":0,"349":0,"350":42,"351":14,"353":14,"354":14,"356":8,"357":14,"358":14,"359":14,"360":14,"361":14,"362":14,"363":14,"364":14,"366":14,"369":14,"370":9,"371":9,"374":14,"375":13,"376":13,"377":5,"378":5,"379":13,"382":14,"383":1,"384":1,"385":1,"386":1,"388":14,"389":14,"391":8,"392":14,"393":14,"394":14,"395":14,"396":14,"397":14,"400":14,"401":8,"402":8,"405":14,"406":14,"407":2,"408":2,"411":14,"412":1,"413":1,"415":14,"416":14,"418":8,"419":3,"420":3,"421":2,"422":3,"424":8,"425":8,"426":8,"427":8,"428":8,"429":8,"430":8,"438":1,"439":4,"440":4,"441":1,"442":4,"443":1,"444":4,"445":1,"446":4,"447":1,"448":4,"449":4,"455":1,"456":1,"457":1,"458":1,"459":1,"460":1},"branchMap":{"0":{"type":"branch","line":23,"loc":{"start":{"line":23,"column":2},"end":{"line":40,"column":3}},"locations":[{"start":{"line":23,"column":2},"end":{"line":40,"column":3}}]},"1":{"type":"branch","line":28,"loc":{"start":{"line":28,"column":33},"end":{"line":33,"column":29}},"locations":[{"start":{"line":28,"column":33},"end":{"line":33,"column":29}}]},"2":{"type":"branch","line":29,"loc":{"start":{"line":29,"column":30},"end":{"line":29,"column":51}},"locations":[{"start":{"line":29,"column":30},"end":{"line":29,"column":51}}]},"3":{"type":"branch","line":29,"loc":{"start":{"line":29,"column":42},"end":{"line":29,"column":58}},"locations":[{"start":{"line":29,"column":42},"end":{"line":29,"column":58}}]},"4":{"type":"branch","line":33,"loc":{"start":{"line":33,"column":16},"end":{"line":33,"column":50}},"locations":[{"start":{"line":33,"column":16},"end":{"line":33,"column":50}}]},"5":{"type":"branch","line":33,"loc":{"start":{"line":33,"column":50},"end":{"line":35,"column":5}},"locations":[{"start":{"line":33,"column":50},"end":{"line":35,"column":5}}]},"6":{"type":"branch","line":35,"loc":{"start":{"line":35,"column":4},"end":{"line":39,"column":59}},"locations":[{"start":{"line":35,"column":4},"end":{"line":39,"column":59}}]},"7":{"type":"branch","line":48,"loc":{"start":{"line":48,"column":2},"end":{"line":108,"column":3}},"locations":[{"start":{"line":48,"column":2},"end":{"line":108,"column":3}}]},"8":{"type":"branch","line":52,"loc":{"start":{"line":52,"column":33},"end":{"line":54,"column":5}},"locations":[{"start":{"line":52,"column":33},"end":{"line":54,"column":5}}]},"9":{"type":"branch","line":54,"loc":{"start":{"line":54,"column":4},"end":{"line":56,"column":29}},"locations":[{"start":{"line":54,"column":4},"end":{"line":56,"column":29}}]},"10":{"type":"branch","line":56,"loc":{"start":{"line":56,"column":16},"end":{"line":56,"column":50}},"locations":[{"start":{"line":56,"column":16},"end":{"line":56,"column":50}}]},"11":{"type":"branch","line":56,"loc":{"start":{"line":56,"column":50},"end":{"line":58,"column":5}},"locations":[{"start":{"line":56,"column":50},"end":{"line":58,"column":5}}]},"12":{"type":"branch","line":58,"loc":{"start":{"line":58,"column":4},"end":{"line":107,"column":63}},"locations":[{"start":{"line":58,"column":4},"end":{"line":107,"column":63}}]},"13":{"type":"branch","line":61,"loc":{"start":{"line":61,"column":39},"end":{"line":103,"column":5}},"locations":[{"start":{"line":61,"column":39},"end":{"line":103,"column":5}}]},"14":{"type":"branch","line":66,"loc":{"start":{"line":66,"column":36},"end":{"line":68,"column":7}},"locations":[{"start":{"line":66,"column":36},"end":{"line":68,"column":7}}]},"15":{"type":"branch","line":71,"loc":{"start":{"line":71,"column":41},"end":{"line":73,"column":7}},"locations":[{"start":{"line":71,"column":41},"end":{"line":73,"column":7}}]},"16":{"type":"branch","line":74,"loc":{"start":{"line":74,"column":39},"end":{"line":76,"column":7}},"locations":[{"start":{"line":74,"column":39},"end":{"line":76,"column":7}}]},"17":{"type":"branch","line":80,"loc":{"start":{"line":80,"column":24},"end":{"line":82,"column":7}},"locations":[{"start":{"line":80,"column":24},"end":{"line":82,"column":7}}]},"18":{"type":"branch","line":85,"loc":{"start":{"line":85,"column":66},"end":{"line":87,"column":7}},"locations":[{"start":{"line":85,"column":66},"end":{"line":87,"column":7}}]},"19":{"type":"branch","line":94,"loc":{"start":{"line":94,"column":49},"end":{"line":94,"column":58}},"locations":[{"start":{"line":94,"column":49},"end":{"line":94,"column":58}}]},"20":{"type":"branch","line":94,"loc":{"start":{"line":94,"column":53},"end":{"line":94,"column":108}},"locations":[{"start":{"line":94,"column":53},"end":{"line":94,"column":108}}]},"21":{"type":"branch","line":95,"loc":{"start":{"line":95,"column":25},"end":{"line":95,"column":48}},"locations":[{"start":{"line":95,"column":25},"end":{"line":95,"column":48}}]},"22":{"type":"branch","line":95,"loc":{"start":{"line":95,"column":48},"end":{"line":97,"column":7}},"locations":[{"start":{"line":95,"column":48},"end":{"line":97,"column":7}}]},"23":{"type":"branch","line":106,"loc":{"start":{"line":106,"column":21},"end":{"line":106,"column":48}},"locations":[{"start":{"line":106,"column":21},"end":{"line":106,"column":48}}]},"24":{"type":"branch","line":110,"loc":{"start":{"line":110,"column":10},"end":{"line":128,"column":3}},"locations":[{"start":{"line":110,"column":10},"end":{"line":128,"column":3}}]},"25":{"type":"branch","line":115,"loc":{"start":{"line":115,"column":57},"end":{"line":115,"column":66}},"locations":[{"start":{"line":115,"column":57},"end":{"line":115,"column":66}}]},"26":{"type":"branch","line":115,"loc":{"start":{"line":115,"column":64},"end":{"line":116,"column":56}},"locations":[{"start":{"line":115,"column":64},"end":{"line":116,"column":56}}]},"27":{"type":"branch","line":116,"loc":{"start":{"line":116,"column":56},"end":{"line":116,"column":65}},"locations":[{"start":{"line":116,"column":56},"end":{"line":116,"column":65}}]},"28":{"type":"branch","line":116,"loc":{"start":{"line":116,"column":63},"end":{"line":127,"column":17}},"locations":[{"start":{"line":116,"column":63},"end":{"line":127,"column":17}}]},"29":{"type":"branch","line":119,"loc":{"start":{"line":119,"column":30},"end":{"line":126,"column":5}},"locations":[{"start":{"line":119,"column":30},"end":{"line":126,"column":5}}]},"30":{"type":"branch","line":120,"loc":{"start":{"line":120,"column":23},"end":{"line":120,"column":54}},"locations":[{"start":{"line":120,"column":23},"end":{"line":120,"column":54}}]},"31":{"type":"branch","line":120,"loc":{"start":{"line":120,"column":54},"end":{"line":120,"column":61}},"locations":[{"start":{"line":120,"column":54},"end":{"line":120,"column":61}}]},"32":{"type":"branch","line":120,"loc":{"start":{"line":120,"column":54},"end":{"line":125,"column":9}},"locations":[{"start":{"line":120,"column":54},"end":{"line":125,"column":9}}]},"33":{"type":"branch","line":121,"loc":{"start":{"line":121,"column":23},"end":{"line":125,"column":7}},"locations":[{"start":{"line":121,"column":23},"end":{"line":125,"column":7}}]},"34":{"type":"branch","line":122,"loc":{"start":{"line":122,"column":27},"end":{"line":122,"column":56}},"locations":[{"start":{"line":122,"column":27},"end":{"line":122,"column":56}}]},"35":{"type":"branch","line":122,"loc":{"start":{"line":122,"column":42},"end":{"line":122,"column":79}},"locations":[{"start":{"line":122,"column":42},"end":{"line":122,"column":79}}]},"36":{"type":"branch","line":122,"loc":{"start":{"line":122,"column":79},"end":{"line":124,"column":9}},"locations":[{"start":{"line":122,"column":79},"end":{"line":124,"column":9}}]},"37":{"type":"branch","line":130,"loc":{"start":{"line":130,"column":10},"end":{"line":156,"column":3}},"locations":[{"start":{"line":130,"column":10},"end":{"line":156,"column":3}}]},"38":{"type":"branch","line":135,"loc":{"start":{"line":135,"column":57},"end":{"line":135,"column":66}},"locations":[{"start":{"line":135,"column":57},"end":{"line":135,"column":66}}]},"39":{"type":"branch","line":135,"loc":{"start":{"line":135,"column":64},"end":{"line":136,"column":56}},"locations":[{"start":{"line":135,"column":64},"end":{"line":136,"column":56}}]},"40":{"type":"branch","line":136,"loc":{"start":{"line":136,"column":56},"end":{"line":136,"column":65}},"locations":[{"start":{"line":136,"column":56},"end":{"line":136,"column":65}}]},"41":{"type":"branch","line":136,"loc":{"start":{"line":136,"column":63},"end":{"line":155,"column":18}},"locations":[{"start":{"line":136,"column":63},"end":{"line":155,"column":18}}]},"42":{"type":"branch","line":139,"loc":{"start":{"line":139,"column":30},"end":{"line":154,"column":5}},"locations":[{"start":{"line":139,"column":30},"end":{"line":154,"column":5}}]},"43":{"type":"branch","line":140,"loc":{"start":{"line":140,"column":30},"end":{"line":140,"column":53}},"locations":[{"start":{"line":140,"column":30},"end":{"line":140,"column":53}}]},"44":{"type":"branch","line":140,"loc":{"start":{"line":140,"column":53},"end":{"line":140,"column":60}},"locations":[{"start":{"line":140,"column":53},"end":{"line":140,"column":60}}]},"45":{"type":"branch","line":140,"loc":{"start":{"line":140,"column":53},"end":{"line":153,"column":9}},"locations":[{"start":{"line":140,"column":53},"end":{"line":153,"column":9}}]},"46":{"type":"branch","line":143,"loc":{"start":{"line":143,"column":23},"end":{"line":153,"column":7}},"locations":[{"start":{"line":143,"column":23},"end":{"line":153,"column":7}}]},"47":{"type":"branch","line":144,"loc":{"start":{"line":144,"column":35},"end":{"line":144,"column":68}},"locations":[{"start":{"line":144,"column":35},"end":{"line":144,"column":68}}]},"48":{"type":"branch","line":144,"loc":{"start":{"line":144,"column":68},"end":{"line":144,"column":75}},"locations":[{"start":{"line":144,"column":68},"end":{"line":144,"column":75}}]},"49":{"type":"branch","line":144,"loc":{"start":{"line":144,"column":68},"end":{"line":150,"column":29}},"locations":[{"start":{"line":144,"column":68},"end":{"line":150,"column":29}}]},"50":{"type":"branch","line":150,"loc":{"start":{"line":150,"column":24},"end":{"line":150,"column":44}},"locations":[{"start":{"line":150,"column":24},"end":{"line":150,"column":44}}]},"51":{"type":"branch","line":150,"loc":{"start":{"line":150,"column":44},"end":{"line":152,"column":9}},"locations":[{"start":{"line":150,"column":44},"end":{"line":152,"column":9}}]},"52":{"type":"branch","line":158,"loc":{"start":{"line":158,"column":10},"end":{"line":162,"column":3}},"locations":[{"start":{"line":158,"column":10},"end":{"line":162,"column":3}}]},"53":{"type":"branch","line":160,"loc":{"start":{"line":160,"column":39},"end":{"line":160,"column":60}},"locations":[{"start":{"line":160,"column":39},"end":{"line":160,"column":60}}]},"54":{"type":"branch","line":160,"loc":{"start":{"line":160,"column":46},"end":{"line":161,"column":41}},"locations":[{"start":{"line":160,"column":46},"end":{"line":161,"column":41}}]},"55":{"type":"branch","line":164,"loc":{"start":{"line":164,"column":10},"end":{"line":169,"column":3}},"locations":[{"start":{"line":164,"column":10},"end":{"line":169,"column":3}}]},"56":{"type":"branch","line":176,"loc":{"start":{"line":176,"column":21},"end":{"line":431,"column":1}},"locations":[{"start":{"line":176,"column":21},"end":{"line":431,"column":1}}]},"57":{"type":"branch","line":190,"loc":{"start":{"line":190,"column":2},"end":{"line":212,"column":3}},"locations":[{"start":{"line":190,"column":2},"end":{"line":212,"column":3}}]},"58":{"type":"branch","line":194,"loc":{"start":{"line":194,"column":33},"end":{"line":196,"column":5}},"locations":[{"start":{"line":194,"column":33},"end":{"line":196,"column":5}}]},"59":{"type":"branch","line":196,"loc":{"start":{"line":196,"column":4},"end":{"line":198,"column":29}},"locations":[{"start":{"line":196,"column":4},"end":{"line":198,"column":29}}]},"60":{"type":"branch","line":198,"loc":{"start":{"line":198,"column":16},"end":{"line":198,"column":50}},"locations":[{"start":{"line":198,"column":16},"end":{"line":198,"column":50}}]},"61":{"type":"branch","line":198,"loc":{"start":{"line":198,"column":50},"end":{"line":200,"column":5}},"locations":[{"start":{"line":198,"column":50},"end":{"line":200,"column":5}}]},"62":{"type":"branch","line":200,"loc":{"start":{"line":200,"column":4},"end":{"line":211,"column":66}},"locations":[{"start":{"line":200,"column":4},"end":{"line":211,"column":66}}]},"63":{"type":"branch","line":203,"loc":{"start":{"line":203,"column":42},"end":{"line":207,"column":5}},"locations":[{"start":{"line":203,"column":42},"end":{"line":207,"column":5}}]},"64":{"type":"branch","line":210,"loc":{"start":{"line":210,"column":24},"end":{"line":210,"column":61}},"locations":[{"start":{"line":210,"column":24},"end":{"line":210,"column":61}}]},"65":{"type":"branch","line":214,"loc":{"start":{"line":214,"column":10},"end":{"line":266,"column":3}},"locations":[{"start":{"line":214,"column":10},"end":{"line":266,"column":3}}]},"66":{"type":"branch","line":224,"loc":{"start":{"line":224,"column":34},"end":{"line":226,"column":5}},"locations":[{"start":{"line":224,"column":34},"end":{"line":226,"column":5}}]},"67":{"type":"branch","line":229,"loc":{"start":{"line":229,"column":34},"end":{"line":233,"column":5}},"locations":[{"start":{"line":229,"column":34},"end":{"line":233,"column":5}}]},"68":{"type":"branch","line":234,"loc":{"start":{"line":234,"column":32},"end":{"line":236,"column":5}},"locations":[{"start":{"line":234,"column":32},"end":{"line":236,"column":5}}]},"69":{"type":"branch","line":244,"loc":{"start":{"line":244,"column":59},"end":{"line":246,"column":5}},"locations":[{"start":{"line":244,"column":59},"end":{"line":246,"column":5}}]},"70":{"type":"branch","line":261,"loc":{"start":{"line":261,"column":42},"end":{"line":261,"column":53}},"locations":[{"start":{"line":261,"column":42},"end":{"line":261,"column":53}}]},"71":{"type":"branch","line":268,"loc":{"start":{"line":268,"column":10},"end":{"line":295,"column":3}},"locations":[{"start":{"line":268,"column":10},"end":{"line":295,"column":3}}]},"72":{"type":"branch","line":273,"loc":{"start":{"line":273,"column":57},"end":{"line":273,"column":95}},"locations":[{"start":{"line":273,"column":57},"end":{"line":273,"column":95}}]},"73":{"type":"branch","line":273,"loc":{"start":{"line":273,"column":93},"end":{"line":274,"column":56}},"locations":[{"start":{"line":273,"column":93},"end":{"line":274,"column":56}}]},"74":{"type":"branch","line":274,"loc":{"start":{"line":274,"column":56},"end":{"line":274,"column":94}},"locations":[{"start":{"line":274,"column":56},"end":{"line":274,"column":94}}]},"75":{"type":"branch","line":274,"loc":{"start":{"line":274,"column":92},"end":{"line":294,"column":36}},"locations":[{"start":{"line":274,"column":92},"end":{"line":294,"column":36}}]},"76":{"type":"branch","line":279,"loc":{"start":{"line":279,"column":30},"end":{"line":292,"column":5}},"locations":[{"start":{"line":279,"column":30},"end":{"line":292,"column":5}}]},"77":{"type":"branch","line":280,"loc":{"start":{"line":280,"column":23},"end":{"line":280,"column":54}},"locations":[{"start":{"line":280,"column":23},"end":{"line":280,"column":54}}]},"78":{"type":"branch","line":280,"loc":{"start":{"line":280,"column":54},"end":{"line":280,"column":61}},"locations":[{"start":{"line":280,"column":54},"end":{"line":280,"column":61}}]},"79":{"type":"branch","line":280,"loc":{"start":{"line":280,"column":54},"end":{"line":291,"column":9}},"locations":[{"start":{"line":280,"column":54},"end":{"line":291,"column":9}}]},"80":{"type":"branch","line":282,"loc":{"start":{"line":282,"column":23},"end":{"line":291,"column":7}},"locations":[{"start":{"line":282,"column":23},"end":{"line":291,"column":7}}]},"81":{"type":"branch","line":283,"loc":{"start":{"line":283,"column":31},"end":{"line":283,"column":64}},"locations":[{"start":{"line":283,"column":31},"end":{"line":283,"column":64}}]},"82":{"type":"branch","line":283,"loc":{"start":{"line":283,"column":50},"end":{"line":283,"column":91}},"locations":[{"start":{"line":283,"column":50},"end":{"line":283,"column":91}}]},"83":{"type":"branch","line":283,"loc":{"start":{"line":283,"column":91},"end":{"line":290,"column":9}},"locations":[{"start":{"line":283,"column":91},"end":{"line":290,"column":9}}]},"84":{"type":"branch","line":288,"loc":{"start":{"line":288,"column":45},"end":{"line":289,"column":52}},"locations":[{"start":{"line":288,"column":45},"end":{"line":289,"column":52}}]},"85":{"type":"branch","line":297,"loc":{"start":{"line":297,"column":10},"end":{"line":327,"column":3}},"locations":[{"start":{"line":297,"column":10},"end":{"line":327,"column":3}}]},"86":{"type":"branch","line":302,"loc":{"start":{"line":302,"column":57},"end":{"line":302,"column":66}},"locations":[{"start":{"line":302,"column":57},"end":{"line":302,"column":66}}]},"87":{"type":"branch","line":302,"loc":{"start":{"line":302,"column":64},"end":{"line":303,"column":56}},"locations":[{"start":{"line":302,"column":64},"end":{"line":303,"column":56}}]},"88":{"type":"branch","line":303,"loc":{"start":{"line":303,"column":56},"end":{"line":303,"column":65}},"locations":[{"start":{"line":303,"column":56},"end":{"line":303,"column":65}}]},"89":{"type":"branch","line":303,"loc":{"start":{"line":303,"column":63},"end":{"line":326,"column":18}},"locations":[{"start":{"line":303,"column":63},"end":{"line":326,"column":18}}]},"90":{"type":"branch","line":307,"loc":{"start":{"line":307,"column":30},"end":{"line":324,"column":5}},"locations":[{"start":{"line":307,"column":30},"end":{"line":324,"column":5}}]},"91":{"type":"branch","line":308,"loc":{"start":{"line":308,"column":30},"end":{"line":308,"column":53}},"locations":[{"start":{"line":308,"column":30},"end":{"line":308,"column":53}}]},"92":{"type":"branch","line":308,"loc":{"start":{"line":308,"column":53},"end":{"line":308,"column":60}},"locations":[{"start":{"line":308,"column":53},"end":{"line":308,"column":60}}]},"93":{"type":"branch","line":308,"loc":{"start":{"line":308,"column":53},"end":{"line":323,"column":9}},"locations":[{"start":{"line":308,"column":53},"end":{"line":323,"column":9}}]},"94":{"type":"branch","line":310,"loc":{"start":{"line":310,"column":23},"end":{"line":323,"column":7}},"locations":[{"start":{"line":310,"column":23},"end":{"line":323,"column":7}}]},"95":{"type":"branch","line":311,"loc":{"start":{"line":311,"column":35},"end":{"line":311,"column":68}},"locations":[{"start":{"line":311,"column":35},"end":{"line":311,"column":68}}]},"96":{"type":"branch","line":311,"loc":{"start":{"line":311,"column":68},"end":{"line":311,"column":75}},"locations":[{"start":{"line":311,"column":68},"end":{"line":311,"column":75}}]},"97":{"type":"branch","line":311,"loc":{"start":{"line":311,"column":68},"end":{"line":317,"column":29}},"locations":[{"start":{"line":311,"column":68},"end":{"line":317,"column":29}}]},"98":{"type":"branch","line":317,"loc":{"start":{"line":317,"column":24},"end":{"line":317,"column":44}},"locations":[{"start":{"line":317,"column":24},"end":{"line":317,"column":44}}]},"99":{"type":"branch","line":317,"loc":{"start":{"line":317,"column":44},"end":{"line":320,"column":9}},"locations":[{"start":{"line":317,"column":44},"end":{"line":320,"column":9}}]},"100":{"type":"branch","line":329,"loc":{"start":{"line":329,"column":10},"end":{"line":355,"column":3}},"locations":[{"start":{"line":329,"column":10},"end":{"line":355,"column":3}}]},"101":{"type":"branch","line":337,"loc":{"start":{"line":337,"column":30},"end":{"line":352,"column":5}},"locations":[{"start":{"line":337,"column":30},"end":{"line":352,"column":5}}]},"102":{"type":"branch","line":338,"loc":{"start":{"line":338,"column":30},"end":{"line":338,"column":53}},"locations":[{"start":{"line":338,"column":30},"end":{"line":338,"column":53}}]},"103":{"type":"branch","line":338,"loc":{"start":{"line":338,"column":53},"end":{"line":338,"column":60}},"locations":[{"start":{"line":338,"column":53},"end":{"line":338,"column":60}}]},"104":{"type":"branch","line":338,"loc":{"start":{"line":338,"column":53},"end":{"line":351,"column":9}},"locations":[{"start":{"line":338,"column":53},"end":{"line":351,"column":9}}]},"105":{"type":"branch","line":340,"loc":{"start":{"line":340,"column":23},"end":{"line":351,"column":7}},"locations":[{"start":{"line":340,"column":23},"end":{"line":351,"column":7}}]},"106":{"type":"branch","line":341,"loc":{"start":{"line":341,"column":35},"end":{"line":341,"column":68}},"locations":[{"start":{"line":341,"column":35},"end":{"line":341,"column":68}}]},"107":{"type":"branch","line":341,"loc":{"start":{"line":341,"column":68},"end":{"line":341,"column":75}},"locations":[{"start":{"line":341,"column":68},"end":{"line":341,"column":75}}]},"108":{"type":"branch","line":341,"loc":{"start":{"line":341,"column":68},"end":{"line":348,"column":44}},"locations":[{"start":{"line":341,"column":68},"end":{"line":348,"column":44}}]},"109":{"type":"branch","line":348,"loc":{"start":{"line":348,"column":44},"end":{"line":350,"column":9}},"locations":[{"start":{"line":348,"column":44},"end":{"line":350,"column":9}}]},"110":{"type":"branch","line":357,"loc":{"start":{"line":357,"column":10},"end":{"line":390,"column":3}},"locations":[{"start":{"line":357,"column":10},"end":{"line":390,"column":3}}]},"111":{"type":"branch","line":370,"loc":{"start":{"line":370,"column":26},"end":{"line":370,"column":54}},"locations":[{"start":{"line":370,"column":26},"end":{"line":370,"column":54}}]},"112":{"type":"branch","line":370,"loc":{"start":{"line":370,"column":49},"end":{"line":370,"column":72}},"locations":[{"start":{"line":370,"column":49},"end":{"line":370,"column":72}}]},"113":{"type":"branch","line":370,"loc":{"start":{"line":370,"column":72},"end":{"line":372,"column":5}},"locations":[{"start":{"line":370,"column":72},"end":{"line":372,"column":5}}]},"114":{"type":"branch","line":371,"loc":{"start":{"line":371,"column":36},"end":{"line":371,"column":48}},"locations":[{"start":{"line":371,"column":36},"end":{"line":371,"column":48}}]},"115":{"type":"branch","line":375,"loc":{"start":{"line":375,"column":27},"end":{"line":380,"column":5}},"locations":[{"start":{"line":375,"column":27},"end":{"line":380,"column":5}}]},"116":{"type":"branch","line":376,"loc":{"start":{"line":376,"column":49},"end":{"line":376,"column":58}},"locations":[{"start":{"line":376,"column":49},"end":{"line":376,"column":58}}]},"117":{"type":"branch","line":376,"loc":{"start":{"line":376,"column":53},"end":{"line":376,"column":108}},"locations":[{"start":{"line":376,"column":53},"end":{"line":376,"column":108}}]},"118":{"type":"branch","line":377,"loc":{"start":{"line":377,"column":25},"end":{"line":377,"column":48}},"locations":[{"start":{"line":377,"column":25},"end":{"line":377,"column":48}}]},"119":{"type":"branch","line":377,"loc":{"start":{"line":377,"column":48},"end":{"line":379,"column":7}},"locations":[{"start":{"line":377,"column":48},"end":{"line":379,"column":7}}]},"120":{"type":"branch","line":383,"loc":{"start":{"line":383,"column":28},"end":{"line":387,"column":5}},"locations":[{"start":{"line":383,"column":28},"end":{"line":387,"column":5}}]},"121":{"type":"branch","line":363,"loc":{"start":{"line":363,"column":47},"end":{"line":363,"column":66}},"locations":[{"start":{"line":363,"column":47},"end":{"line":363,"column":66}}]},"122":{"type":"branch","line":364,"loc":{"start":{"line":364,"column":47},"end":{"line":364,"column":78}},"locations":[{"start":{"line":364,"column":47},"end":{"line":364,"column":78}}]},"123":{"type":"branch","line":365,"loc":{"start":{"line":365,"column":46},"end":{"line":365,"column":130}},"locations":[{"start":{"line":365,"column":46},"end":{"line":365,"column":130}}]},"124":{"type":"branch","line":365,"loc":{"start":{"line":365,"column":73},"end":{"line":365,"column":105}},"locations":[{"start":{"line":365,"column":73},"end":{"line":365,"column":105}}]},"125":{"type":"branch","line":365,"loc":{"start":{"line":365,"column":100},"end":{"line":365,"column":130}},"locations":[{"start":{"line":365,"column":100},"end":{"line":365,"column":130}}]},"126":{"type":"branch","line":392,"loc":{"start":{"line":392,"column":10},"end":{"line":417,"column":3}},"locations":[{"start":{"line":392,"column":10},"end":{"line":417,"column":3}}]},"127":{"type":"branch","line":401,"loc":{"start":{"line":401,"column":24},"end":{"line":401,"column":61}},"locations":[{"start":{"line":401,"column":24},"end":{"line":401,"column":61}}]},"128":{"type":"branch","line":401,"loc":{"start":{"line":401,"column":61},"end":{"line":403,"column":5}},"locations":[{"start":{"line":401,"column":61},"end":{"line":403,"column":5}}]},"129":{"type":"branch","line":407,"loc":{"start":{"line":407,"column":29},"end":{"line":407,"column":70}},"locations":[{"start":{"line":407,"column":29},"end":{"line":407,"column":70}}]},"130":{"type":"branch","line":407,"loc":{"start":{"line":407,"column":70},"end":{"line":409,"column":5}},"locations":[{"start":{"line":407,"column":70},"end":{"line":409,"column":5}}]},"131":{"type":"branch","line":412,"loc":{"start":{"line":412,"column":29},"end":{"line":412,"column":67}},"locations":[{"start":{"line":412,"column":29},"end":{"line":412,"column":67}}]},"132":{"type":"branch","line":412,"loc":{"start":{"line":412,"column":67},"end":{"line":414,"column":5}},"locations":[{"start":{"line":412,"column":67},"end":{"line":414,"column":5}}]},"133":{"type":"branch","line":419,"loc":{"start":{"line":419,"column":10},"end":{"line":423,"column":3}},"locations":[{"start":{"line":419,"column":10},"end":{"line":423,"column":3}}]},"134":{"type":"branch","line":421,"loc":{"start":{"line":421,"column":39},"end":{"line":421,"column":50}},"locations":[{"start":{"line":421,"column":39},"end":{"line":421,"column":50}}]},"135":{"type":"branch","line":421,"loc":{"start":{"line":421,"column":46},"end":{"line":422,"column":41}},"locations":[{"start":{"line":421,"column":46},"end":{"line":422,"column":41}}]},"136":{"type":"branch","line":425,"loc":{"start":{"line":425,"column":10},"end":{"line":430,"column":3}},"locations":[{"start":{"line":425,"column":10},"end":{"line":430,"column":3}}]},"137":{"type":"branch","line":428,"loc":{"start":{"line":428,"column":17},"end":{"line":428,"column":27}},"locations":[{"start":{"line":428,"column":17},"end":{"line":428,"column":27}}]},"138":{"type":"branch","line":439,"loc":{"start":{"line":439,"column":7},"end":{"line":450,"column":1}},"locations":[{"start":{"line":439,"column":7},"end":{"line":450,"column":1}}]},"139":{"type":"branch","line":441,"loc":{"start":{"line":441,"column":4},"end":{"line":442,"column":27}},"locations":[{"start":{"line":441,"column":4},"end":{"line":442,"column":27}}]},"140":{"type":"branch","line":443,"loc":{"start":{"line":443,"column":4},"end":{"line":444,"column":29}},"locations":[{"start":{"line":443,"column":4},"end":{"line":444,"column":29}}]},"141":{"type":"branch","line":445,"loc":{"start":{"line":445,"column":4},"end":{"line":446,"column":27}},"locations":[{"start":{"line":445,"column":4},"end":{"line":446,"column":27}}]},"142":{"type":"branch","line":447,"loc":{"start":{"line":447,"column":4},"end":{"line":448,"column":29}},"locations":[{"start":{"line":447,"column":4},"end":{"line":448,"column":29}}]}},"b":{"0":[6],"1":[3],"2":[1],"3":[2],"4":[0],"5":[0],"6":[3],"7":[6],"8":[1],"9":[5],"10":[0],"11":[0],"12":[5],"13":[11],"14":[4],"15":[0],"16":[1],"17":[1],"18":[6],"19":[4],"20":[7],"21":[7],"22":[6],"23":[8],"24":[11],"25":[6],"26":[5],"27":[1],"28":[4],"29":[16],"30":[12],"31":[4],"32":[12],"33":[48],"34":[1],"35":[1],"36":[1],"37":[11],"38":[6],"39":[5],"40":[1],"41":[4],"42":[16],"43":[12],"44":[4],"45":[12],"46":[48],"47":[3],"48":[45],"49":[3],"50":[2],"51":[1],"52":[3],"53":[1],"54":[2],"55":[3],"56":[8],"57":[7],"58":[1],"59":[6],"60":[0],"61":[0],"62":[6],"63":[14],"64":[8],"65":[14],"66":[8],"67":[0],"68":[1],"69":[10],"70":[0],"71":[28],"72":[20],"73":[8],"74":[2],"75":[6],"76":[24],"77":[18],"78":[6],"79":[18],"80":[72],"81":[4],"82":[4],"83":[4],"84":[0],"85":[14],"86":[10],"87":[4],"88":[1],"89":[3],"90":[12],"91":[9],"92":[3],"93":[9],"94":[36],"95":[3],"96":[33],"97":[3],"98":[1],"99":[0],"100":[14],"101":[56],"102":[42],"103":[14],"104":[42],"105":[168],"106":[5],"107":[163],"108":[5],"109":[0],"110":[14],"111":[13],"112":[13],"113":[9],"114":[8],"115":[13],"116":[8],"117":[5],"118":[5],"119":[5],"120":[1],"121":[56],"122":[56],"123":[56],"124":[12],"125":[10],"126":[14],"127":[8],"128":[8],"129":[2],"130":[2],"131":[1],"132":[1],"133":[3],"134":[1],"13
[...]
ine":393,"column":76},"end":{"line":395,"column":3}},"locations":[{"start":{"line":393,"column":76},"end":{"line":395,"column":3}}]},"66":{"type":"branch","line":395,"loc":{"start":{"line":395,"column":2},"end":{"line":414,"column":1}},"locations":[{"start":{"line":395,"column":2},"end":{"line":414,"column":1}}]},"67":{"type":"branch","line":398,"loc":{"start":{"line":398,"column":28},"end":{"line":411,"column":3}},"locations":[{"start":{"line":398,"column":28},"end":{"line":411,"column":3}}]},"68":{"type":"branch","line":399,"loc":{"start":{"line":399,"column":42},"end":{"line":399,"column":49}},"locations":[{"start":{"line":399,"column":42},"end":{"line":399,"column":49}}]},"69":{"type":"branch","line":399,"loc":{"start":{"line":399,"column":42},"end":{"line":400,"column":33}},"locations":[{"start":{"line":399,"column":42},"end":{"line":400,"column":33}}]},"70":{"type":"branch","line":400,"loc":{"start":{"line":400,"column":26},"end":{"line":400,"column":33}},"locations":[{"start":{"line":400,"column":26},"end":{"line":400,"column":33}}]},"71":{"type":"branch","line":400,"loc":{"start":{"line":400,"column":26},"end":{"line":410,"column":7}},"locations":[{"start":{"line":400,"column":26},"end":{"line":410,"column":7}}]},"72":{"type":"branch","line":402,"loc":{"start":{"line":402,"column":26},"end":{"line":410,"column":5}},"locations":[{"start":{"line":402,"column":26},"end":{"line":410,"column":5}}]},"73":{"type":"branch","line":403,"loc":{"start":{"line":403,"column":29},"end":{"line":403,"column":73}},"locations":[{"start":{"line":403,"column":29},"end":{"line":403,"column":73}}]},"74":{"type":"branch","line":403,"loc":{"start":{"line":403,"column":59},"end":{"line":403,"column":100}},"locations":[{"start":{"line":403,"column":59},"end":{"line":403,"column":100}}]},"75":{"type":"branch","line":403,"loc":{"start":{"line":403,"column":100},"end":{"line":409,"column":7}},"locations":[{"start":{"line":403,"column":100},"end":{"line":409,"column":7}}]},"76":{"type":"branch","line":419,"loc":{"start":{"line":419,"column":7},"end":{"line":448,"column":1}},"locations":[{"start":{"line":419,"column":7},"end":{"line":448,"column":1}}]},"77":{"type":"branch","line":423,"loc":{"start":{"line":423,"column":47},"end":{"line":442,"column":3}},"locations":[{"start":{"line":423,"column":47},"end":{"line":442,"column":3}}]},"78":{"type":"branch","line":425,"loc":{"start":{"line":425,"column":37},"end":{"line":425,"column":51}},"locations":[{"start":{"line":425,"column":37},"end":{"line":425,"column":51}}]},"79":{"type":"branch","line":425,"loc":{"start":{"line":425,"column":44},"end":{"line":441,"column":6}},"locations":[{"start":{"line":425,"column":44},"end":{"line":441,"column":6}}]},"80":{"type":"branch","line":424,"loc":{"start":{"line":424,"column":49},"end":{"line":424,"column":82}},"locations":[{"start":{"line":424,"column":49},"end":{"line":424,"column":82}}]},"81":{"type":"branch","line":429,"loc":{"start":{"line":429,"column":32},"end":{"line":440,"column":7}},"locations":[{"start":{"line":429,"column":32},"end":{"line":440,"column":7}}]},"82":{"type":"branch","line":431,"loc":{"start":{"line":431,"column":21},"end":{"line":438,"column":9}},"locations":[{"start":{"line":431,"column":21},"end":{"line":438,"column":9}}]},"83":{"type":"branch","line":438,"loc":{"start":{"line":438,"column":8},"end":{"line":439,"column":21}},"locations":[{"start":{"line":438,"column":8},"end":{"line":439,"column":21}}]},"84":{"type":"branch","line":430,"loc":{"start":{"line":430,"column":44},"end":{"line":430,"column":70}},"locations":[{"start":{"line":430,"column":44},"end":{"line":430,"column":70}}]},"85":{"type":"branch","line":457,"loc":{"start":{"line":457,"column":7},"end":{"line":468,"column":1}},"locations":[{"start":{"line":457,"column":7},"end":{"line":468,"column":1}}]},"86":{"type":"branch","line":473,"loc":{"start":{"line":473,"column":7},"end":{"line":477,"column":1}},"locations":[{"start":{"line":473,"column":7},"end":{"line":477,"column":1}}]},"87":{"type":"branch","line":475,"loc":{"start":{"line":475,"column":15},"end":{"line":475,"column":28}},"locations":[{"start":{"line":475,"column":15},"end":{"line":475,"column":28}}]},"88":{"type":"branch","line":475,"loc":{"start":{"line":475,"column":22},"end":{"line":477,"column":1}},"locations":[{"start":{"line":475,"column":22},"end":{"line":477,"column":1}}]},"89":{"type":"branch","line":474,"loc":{"start":{"line":474,"column":40},"end":{"line":474,"column":66}},"locations":[{"start":{"line":474,"column":40},"end":{"line":474,"column":66}}]},"90":{"type":"branch","line":476,"loc":{"start":{"line":476,"column":29},"end":{"line":476,"column":46}},"locations":[{"start":{"line":476,"column":29},"end":{"line":476,"column":46}}]},"91":{"type":"branch","line":482,"loc":{"start":{"line":482,"column":7},"end":{"line":494,"column":1}},"locations":[{"start":{"line":482,"column":7},"end":{"line":494,"column":1}}]},"92":{"type":"branch","line":484,"loc":{"start":{"line":484,"column":32},"end":{"line":490,"column":3}},"locations":[{"start":{"line":484,"column":32},"end":{"line":490,"column":3}}]},"93":{"type":"branch","line":486,"loc":{"start":{"line":486,"column":48},"end":{"line":486,"column":61}},"locations":[{"start":{"line":486,"column":48},"end":{"line":486,"column":61}}]},"94":{"type":"branch","line":490,"loc":{"start":{"line":490,"column":2},"end":{"line":494,"column":1}},"locations":[{"start":{"line":490,"column":2},"end":{"line":494,"column":1}}]},"95":{"type":"branch","line":485,"loc":{"start":{"line":485,"column":42},"end":{"line":485,"column":68}},"locations":[{"start":{"line":485,"column":42},"end":{"line":485,"column":68}}]},"96":{"type":"branch","line":488,"loc":{"start":{"line":488,"column":49},"end":{"line":488,"column":94}},"locations":[{"start":{"line":488,"column":49},"end":{"line":488,"column":94}}]},"97":{"type":"branch","line":488,"loc":{"start":{"line":488,"column":74},"end":{"line":488,"column":94}},"locations":[{"start":{"line":488,"column":74},"end":{"line":488,"column":94}}]},"98":{"type":"branch","line":489,"loc":{"start":{"line":489,"column":29},"end":{"line":489,"column":67}},"locations":[{"start":{"line":489,"column":29},"end":{"line":489,"column":67}}]},"99":{"type":"branch","line":489,"loc":{"start":{"line":489,"column":49},"end":{"line":489,"column":66}},"locations":[{"start":{"line":489,"column":49},"end":{"line":489,"column":66}}]},"100":{"type":"branch","line":499,"loc":{"start":{"line":499,"column":0},"end":{"line":526,"column":1}},"locations":[{"start":{"line":499,"column":0},"end":{"line":526,"column":1}}]},"101":{"type":"branch","line":504,"loc":{"start":{"line":504,"column":12},"end":{"line":504,"column":52}},"locations":[{"start":{"line":504,"column":12},"end":{"line":504,"column":52}}]},"102":{"type":"branch","line":504,"loc":{"start":{"line":504,"column":30},"end":{"line":504,"column":52}},"locations":[{"start":{"line":504,"column":30},"end":{"line":504,"column":52}}]},"103":{"type":"branch","line":505,"loc":{"start":{"line":505,"column":10},"end":{"line":514,"column":5}},"locations":[{"start":{"line":505,"column":10},"end":{"line":514,"column":5}}]},"104":{"type":"branch","line":509,"loc":{"start":{"line":509,"column":35},"end":{"line":509,"column":64}},"locations":[{"start":{"line":509,"column":35},"end":{"line":509,"column":64}}]},"105":{"type":"branch","line":507,"loc":{"start":{"line":507,"column":40},"end":{"line":507,"column":57}},"locations":[{"start":{"line":507,"column":40},"end":{"line":507,"column":57}}]},"106":{"type":"branch","line":508,"loc":{"start":{"line":508,"column":40},"end":{"line":508,"column":57}},"locations":[{"start":{"line":508,"column":40},"end":{"line":508,"column":57}}]},"107":{"type":"branch","line":511,"loc":{"start":{"line":511,"column":40},"end":{"line":511,"column":79}},"locations":[{"start":{"line":511,"column":40},"end":{"line":511,"column":79}}]},"108":{"type":"branch","line":512,"loc":{"start":{"line":512,"column":40},"end":{"line":512,"column":79}},"locations":[{"start":{"line":512,"column":40},"end":{"line":512,"column":79}}]},"109":{"type":"branch","line":516,"loc":{"start":{"line":516,"column":36},"end":{"line":516,"column":49}},"locations":[{"start":{"line":516,"column":36},"end":{"line":516,"column":49}}]},"110":{"type":"branch","line":520,"loc":{"start":{"line":520,"column":12},"end":{"line":520,"column":60}},"locations":[{"start":{"line":520,"column":12},"end":{"line":520,"column":60}}]},"111":{"type":"branch","line":520,"loc":{"start":{"line":520,"column":20},"end":{"line":520,"column":60}},"locations":[{"start":{"line":520,"column":20},"end":{"line":520,"column":60}}]},"112":{"type":"branch","line":531,"loc":{"start":{"line":531,"column":0},"end":{"line":536,"column":1}},"locations":[{"start":{"line":531,"column":0},"end":{"line":536,"column":1}}]},"113":{"type":"branch","line":532,"loc":{"start":{"line":532,"column":34},"end":{"line":532,"column":45}},"locations":[{"start":{"line":532,"column":34},"end":{"line":532,"column":45}}]},"114":{"type":"branch","line":533,"loc":{"start":{"line":533,"column":36},"end":{"line":533,"column":83}},"locations":[{"start":{"line":533,"column":36},"end":{"line":533,"column":83}}]},"115":{"type":"branch","line":534,"loc":{"start":{"line":534,"column":39},"end":{"line":536,"column":1}},"locations":[{"start":{"line":534,"column":39},"end":{"line":536,"column":1}}]},"116":{"type":"branch","line":550,"loc":{"start":{"line":550,"column":7},"end":{"line":596,"column":1}},"locations":[{"start":{"line":550,"column":7},"end":{"line":596,"column":1}}]},"117":{"type":"branch","line":558,"loc":{"start":{"line":558,"column":50},"end":{"line":560,"column":3}},"locations":[{"start":{"line":558,"column":50},"end":{"line":560,"column":3}}]},"118":{"type":"branch","line":560,"loc":{"start":{"line":560,"column":2},"end":{"line":563,"column":42}},"locations":[{"start":{"line":560,"column":2},"end":{"line":563,"column":42}}]},"119":{"type":"branch","line":563,"loc":{"start":{"line":563,"column":42},"end":{"line":565,"column":3}},"locations":[{"start":{"line":563,"column":42},"end":{"line":565,"column":3}}]},"120":{"type":"branch","line":565,"loc":{"start":{"line":565,"column":2},"end":{"line":569,"column":41}},"locations":[{"start":{"line":565,"column":2},"end":{"line":569,"column":41}}]},"121":{"type":"branch","line":569,"loc":{"start":{"line":569,"column":41},"end":{"line":571,"column":3}},"locations":[{"start":{"line":569,"column":41},"end":{"line":571,"column":3}}]},"122":{"type":"branch","line":571,"loc":{"start":{"line":571,"column":2},"end":{"line":574,"column":31}},"locations":[{"start":{"line":571,"column":2},"end":{"line":574,"column":31}}]},"123":{"type":"branch","line":574,"loc":{"start":{"line":574,"column":31},"end":{"line":576,"column":3}},"locations":[{"start":{"line":574,"column":31},"end":{"line":576,"column":3}}]},"124":{"type":"branch","line":576,"loc":{"start":{"line":576,"column":2},"end":{"line":579,"column":27}},"locations":[{"start":{"line":576,"column":2},"end":{"line":579,"column":27}}]},"125":{"type":"branch","line":579,"loc":{"start":{"line":579,"column":27},"end":{"line":581,"column":3}},"locations":[{"start":{"line":579,"column":27},"end":{"line":581,"column":3}}]},"126":{"type":"branch","line":581,"loc":{"start":{"line":581,"column":2},"end":{"line":584,"column":61}},"locations":[{"start":{"line":581,"column":2},"end":{"line":584,"column":61}}]},"127":{"type":"branch","line":584,"loc":{"start":{"line":584,"column":61},"end":{"line":586,"column":3}},"locations":[{"start":{"line":584,"column":61},"end":{"line":586,"column":3}}]},"128":{"type":"branch","line":586,"loc":{"start":{"line":586,"column":2},"end":{"line":591,"column":13}},"locations":[{"start":{"line":586,"column":2},"end":{"line":591,"column":13}}]},"129":{"type":"branch","line":591,"loc":{"start":{"line":591,"column":13},"end":{"line":596,"column":1}},"locations":[{"start":{"line":591,"column":13},"end":{"line":596,"column":1}}]},"130":{"type":"branch","line":590,"loc":{"start":{"line":590,"column":31},"end":{"line":590,"column":88}},"locations":[{"start":{"line":590,"column":31},"end":{"line":590,"column":88}}]},"131":{"type":"branch","line":606,"loc":{"start":{"line":606,"column":7},"end":{"line":609,"column":1}},"locations":[{"start":{"line":606,"column":7},"end":{"line":609,"column":1}}]},"132":{"type":"branch","line":614,"loc":{"start":{"line":614,"column":7},"end":{"line":616,"column":1}},"locations":[{"start":{"line":614,"column":7},"end":{"line":616,"column":1}}]},"133":{"type":"branch","line":621,"loc":{"start":{"line":621,"column":7},"end":{"line":662,"column":1}},"locations":[{"start":{"line":621,"column":7},"end":{"line":662,"column":1}}]},"134":{"type":"branch","line":622,"loc":{"start":{"line":622,"column":33},"end":{"line":624,"column":3}},"locations":[{"start":{"line":622,"column":33},"end":{"line":624,"column":3}}]},"135":{"type":"branch","line":624,"loc":{"start":{"line":624,"column":2},"end":{"line":662,"column":1}},"locations":[{"start":{"line":624,"column":2},"end":{"line":662,"column":1}}]},"136":{"type":"branch","line":628,"loc":{"start":{"line":628,"column":28},"end":{"line":637,"column":3}},"locations":[{"start":{"line":628,"column":28},"end":{"line":637,"column":3}}]},"137":{"type":"branch","line":630,"loc":{"start":{"line":630,"column":37},"end":{"line":630,"column":76}},"locations":[{"start":{"line":630,"column":37},"end":{"line":630,"column":76}}]},"138":{"type":"branch","line":632,"loc":{"start":{"line":632,"column":45},"end":{"line":634,"column":7}},"locations":[{"start":{"line":632,"column":45},"end":{"line":634,"column":7}}]},"139":{"type":"branch","line":632,"loc":{"start":{"line":632,"column":25},"end":{"line":632,"column":42}},"locations":[{"start":{"line":632,"column":25},"end":{"line":632,"column":42}}]},"140":{"type":"branch","line":641,"loc":{"start":{"line":641,"column":16},"end":{"line":645,"column":3}},"locations":[{"start":{"line":641,"column":16},"end":{"line":645,"column":3}}]},"141":{"type":"branch","line":642,"loc":{"start":{"line":642,"column":68},"end":{"line":644,"column":5}},"locations":[{"start":{"line":642,"column":68},"end":{"line":644,"column":5}}]},"142":{"type":"branch","line":642,"loc":{"start":{"line":642,"column":27},"end":{"line":642,"column":65}},"locations":[{"start":{"line":642,"column":27},"end":{"line":642,"column":65}}]},"143":{"type":"branch","line":642,"loc":{"start":{"line":642,"column":47},"end":{"line":642,"column":64}},"locations":[{"start":{"line":642,"column":47},"end":{"line":642,"column":64}}]},"144":{"type":"branch","line":649,"loc":{"start":{"line":649,"column":10},"end":{"line":658,"column":5}},"locations":[{"start":{"line":649,"column":10},"end":{"line":658,"column":5}}]},"145":{"type":"branch","line":652,"loc":{"start":{"line":652,"column":6},"end":{"line":657,"column":35}},"locations":[{"start":{"line":652,"column":6},"end":{"line":657,"column":35}}]},"146":{"type":"branch","line":659,"loc":{"start":{"line":659,"column":9},"end":{"line":659,"column":29}},"locations":[{"start":{"line":659,"column":9},"end":{"line":659,"column":29}}]}},"b":{"0":[101],"1":[1],"2":[1],"3":[6],"4":[24],"5":[19],"6":[96],"7":[15],"8":[0],"9":[0],"10":[60],"11":[51],"12":[28],"13":[9],"14":[3],"15":[6],"16":[3],"17":[0],"18":[0],"19":[34],"20":[0],"21":[34],"22":[13],"23":[0],"24":[1],"25":[12],"26":[6],"27":[6],"28":[2],"29":[4],"30":[3],"31":[6],"32":[12],"33":[1],"34":[11],"35":[10],"36":[1],"37":[11],"38":[10],"39":[2],"40":[0],"41":[12],"42":[1],"43":[11],"44":[10],"45":[12],"46":[15],"47":[12],"48":[48],"49":[12],"50":[36],"51":[17],"52":[48],"53":[12],"54":[36],"55":[2],"56":[48],"57":[12],"58":[1],"59":[11],"60":[36],"61":[12],"62":[7],"63":[5],"64":[11],"65":[3],"66":[2],"67":[8],"68":[2],"69":[6],"70":[0],"71":[6],"72":[24],"73":[2],"74":[2],"75":[2],"76":[14],"77":[56],"78":[52],"79":[4],"80":[16],"81":[16],"82":[4],"83":[12],"84":[16],"85":[4],"86":[17],"87":[1],"88":[16],"89":[20],"90":[33],"91":[16],"92":[2],"93":[0],"94":[14],"95":[3],"96":[8],"97":[4],"98":[3],"99":[12],"100":[1],"101":[4],"102":[3],"103":[2],"104":[0],"105":[8],"106":[8],"107":[8],"108":[8],"109":[3],"110":[4],"111":[0],"112":[16],"113":[0],"114":[0],"115":[0],"116":[8],"117":[1],"118":[7],"119":[1],"120":[6],"121":[1],"122":[5],"123":[1],"124":[4],"125":[1],"126":[3],"127":[1],"128":[2],"129":[1],"130":[1],"131":[1],"132":[1],"133":[3],"134":[1],"135":[2],"136":[8],"137":[4],"138":[5],"139":[32],"140":[4],"141":[2],"142":[7],"143":[28],"144":[2],"145":[0],"146":[4]},"fnMap":{"0":{"name":"rollDice","decl":{"start":{"line":52,"column":7},"end":{"line":57,"column":1}},"loc":{"start":{"line":52,"column":7},"end":{"line":57,"column":1}},"line":52},"1":{"name":"createDiceRoll","decl":{"start":{"line":62,"column":7},"end":{"line":71,"column":1}},"loc":{"start":{"line":62,"column":7},"end":{"line":71,"column":1}},"line":62},"2":{"name":"generateAuditId","decl":{"start":{"line":76,"column":0},"end":{"line":78,"column":1}},"loc":{"start":{"line":76,"column":0},"end":{"line":78,"column":1}},"line":76},"3":{"name":"createInitialGameState","decl":{"start":{"line":87,"column":7},"end":{"line":132,"column":1}},"loc":{"start":{"line":87,"column":7},"end":{"line":132,"column":1}},"line":87},"4":{"name":"getLegalMoves","decl":{"start":{"line":141,"column":7},"end":{"line":221,"column":1}},"loc":{"start":{"line":141,"column":7},"end":{"line":221,"column":1}},"line":141},"5":{"name":"moveToken","decl":{"start":{"line":230,"column":7},"end":{"line":375,"column":1}},"loc":{"start":{"line":230,"column":7},"end":{"line":375,"column":1}},"line":230},"6":{"name":"checkCaptures","decl":{"start":{"line":380,"column":0},"end":{"line":414,"column":1}},"loc":{"start":{"line":380,"column":0},"end":{"line":414,"column":1}},"line":380},"7":{"name":"applyCaptures","decl":{"start":{"line":419,"column":7},"end":{"line":448,"column":1}},"loc":{"start":{"line":419,"column":7},"end":{"line":448,"column":1}},"line":419},"8":{"name":"calculateNextTurn","decl":{"start":{"line":457,"column":7},"end":{"line":468,"column":1}},"loc":{"start":{"line":457,"column":7},"end":{"line":468,"column":1}},"line":457},"9":{"name":"checkPlayerCompletion","decl":{"start":{"line":473,"column":7},"end":{"line":477,"column":1}},"loc":{"start":{"line":473,"column":7},"end":{"line":477,"column":1}},"line":473},"10":{"name":"checkMatchCompletion","decl":{"start":{"line":482,"column":7},"end":{"line":494,"column":1}},"loc":{"start":{"line":482,"column":7},"end":{"line":494,"column":1}},"line":482},"11":{"name":"calculateRankings","decl":{"start":{"line":499,"column":0},"end":{"line":526,"column":1}},"loc":{"start":{"line":499,"column":0},"end":{"line":526,"column":1}},"line":499},"12":{"name":"getTokenProgress","decl":{"start":{"line":531,"column":0},"end":{"line":536,"column":1}},"loc":{"start":{"line":531,"column":0},"end":{"line":536,"column":1}},"line":531},"13":{"name":"getRelativePositionForAny","decl":{"start":{"line":538,"column":0},"end":{"line":541,"column":1}},"loc":{"start":{"line":538,"column":0},"end":{"line":541,"column":1}},"line":538},"14":{"name":"validateMove","decl":{"start":{"line":550,"column":7},"end":{"line":596,"column":1}},"loc":{"start":{"line":550,"column":7},"end":{"line":596,"column":1}},"line":550},"15":{"name":"serializePublicState","decl":{"start":{"line":606,"column":7},"end":{"line":609,"column":1}},"loc":{"start":{"line":606,"column":7},"end":{"line":609,"column":1}},"line":606},"16":{"name":"restoreGameState","decl":{"start":{"line":614,"column":7},"end":{"line":616,"column":1}},"loc":{"start":{"line":614,"column":7},"end":{"line":616,"column":1}},"line":614},"17":{"name":"calculateTeamResult","decl":{"start":{"line":621,"column":7},"end":{"line":662,"column":1}},"loc":{"start":{"line":621,"column":7},"end":{"line":662,"column":1}},"line":621}},"f":{"0":101,"1":1,"2":1,"3":6,"4":15,"5":13,"6":12,"7":14,"8":4,"9":17,"10":16,"11":1,"12":16,"13":0,"14":8,"15":1,"16":1,"17":3}}
}
